<?xml version="1.0" encoding="UTF-8"?>
<testng-results skipped="0" failed="0" total="71" passed="71">
  <reporter-output>
  </reporter-output>
  <suite name="Surefire suite" duration-ms="21254" started-at="2017-01-24T09:53:51Z" finished-at="2017-01-24T09:54:12Z">
    <groups>
    </groups>
    <test name="Surefire test" duration-ms="21254" started-at="2017-01-24T09:53:51Z" finished-at="2017-01-24T09:54:12Z">
      <class name="com.jakub.ajamarks.services.showdataservices.ClassroomServiceImplTest">
        <test-method status="PASS" signature="getClassroomStudentsByClassroomNumber_NoStudentsTest()[pri:0, instance:getClassroomStudentsByClassroomNumber_NoStudentsTest(com.jakub.ajamarks.services.showdataservices.ClassroomServiceImplTest)]" name="getClassroomStudentsByClassroomNumber_NoStudentsTest" duration-ms="13" started-at="2017-01-24T10:54:09Z" finished-at="2017-01-24T10:54:09Z">
          <reporter-output>
          </reporter-output>
        </test-method> <!-- getClassroomStudentsByClassroomNumber_NoStudentsTest -->
        <test-method status="PASS" signature="getClassroomByIdTest()[pri:0, instance:getClassroomByIdTest(com.jakub.ajamarks.services.showdataservices.ClassroomServiceImplTest)]" name="getClassroomByIdTest" duration-ms="1" started-at="2017-01-24T10:54:09Z" finished-at="2017-01-24T10:54:09Z">
          <reporter-output>
          </reporter-output>
        </test-method> <!-- getClassroomByIdTest -->
        <test-method status="PASS" signature="saveClassroomTest()[pri:0, instance:saveClassroomTest(com.jakub.ajamarks.services.showdataservices.ClassroomServiceImplTest)]" name="saveClassroomTest" duration-ms="0" started-at="2017-01-24T10:54:09Z" finished-at="2017-01-24T10:54:09Z">
          <reporter-output>
          </reporter-output>
        </test-method> <!-- saveClassroomTest -->
        <test-method status="PASS" signature="delete_IllegalArgumentExceptionTest()[pri:0, instance:delete_IllegalArgumentExceptionTest(com.jakub.ajamarks.services.showdataservices.ClassroomServiceImplTest)]" name="delete_IllegalArgumentExceptionTest" duration-ms="0" started-at="2017-01-24T10:54:09Z" finished-at="2017-01-24T10:54:09Z">
          <reporter-output>
          </reporter-output>
        </test-method> <!-- delete_IllegalArgumentExceptionTest -->
        <test-method status="PASS" signature="getClassroomStudentsByClassroomNumberTest()[pri:0, instance:getClassroomStudentsByClassroomNumberTest(com.jakub.ajamarks.services.showdataservices.ClassroomServiceImplTest)]" name="getClassroomStudentsByClassroomNumberTest" duration-ms="1" started-at="2017-01-24T10:54:09Z" finished-at="2017-01-24T10:54:09Z">
          <reporter-output>
          </reporter-output>
        </test-method> <!-- getClassroomStudentsByClassroomNumberTest -->
        <test-method status="PASS" signature="getClassroomByNumberTest()[pri:0, instance:getClassroomByNumberTest(com.jakub.ajamarks.services.showdataservices.ClassroomServiceImplTest)]" name="getClassroomByNumberTest" duration-ms="0" started-at="2017-01-24T10:54:09Z" finished-at="2017-01-24T10:54:09Z">
          <reporter-output>
          </reporter-output>
        </test-method> <!-- getClassroomByNumberTest -->
        <test-method status="PASS" signature="getClassroomStudentsByClassroomName_NoStudentsTest()[pri:0, instance:getClassroomStudentsByClassroomName_NoStudentsTest(com.jakub.ajamarks.services.showdataservices.ClassroomServiceImplTest)]" name="getClassroomStudentsByClassroomName_NoStudentsTest" duration-ms="1" started-at="2017-01-24T10:54:09Z" finished-at="2017-01-24T10:54:09Z">
          <reporter-output>
          </reporter-output>
        </test-method> <!-- getClassroomStudentsByClassroomName_NoStudentsTest -->
        <test-method status="PASS" signature="getClassroomStudentsByClassroomNumber_IllegalArgumentExceptionTest()[pri:0, instance:getClassroomStudentsByClassroomNumber_IllegalArgumentExceptionTest(com.jakub.ajamarks.services.showdataservices.ClassroomServiceImplTest)]" name="getClassroomStudentsByClassroomNumber_IllegalArgumentExceptionTest" duration-ms="0" started-at="2017-01-24T10:54:09Z" finished-at="2017-01-24T10:54:09Z">
          <reporter-output>
          </reporter-output>
        </test-method> <!-- getClassroomStudentsByClassroomNumber_IllegalArgumentExceptionTest -->
        <test-method status="PASS" signature="getClassroomById_IllegalArgumentExceptionTest()[pri:0, instance:getClassroomById_IllegalArgumentExceptionTest(com.jakub.ajamarks.services.showdataservices.ClassroomServiceImplTest)]" name="getClassroomById_IllegalArgumentExceptionTest" duration-ms="1" started-at="2017-01-24T10:54:09Z" finished-at="2017-01-24T10:54:09Z">
          <reporter-output>
          </reporter-output>
        </test-method> <!-- getClassroomById_IllegalArgumentExceptionTest -->
        <test-method status="PASS" signature="saveClassroom_IllegalArgumentExceptionTest()[pri:0, instance:saveClassroom_IllegalArgumentExceptionTest(com.jakub.ajamarks.services.showdataservices.ClassroomServiceImplTest)]" name="saveClassroom_IllegalArgumentExceptionTest" duration-ms="0" started-at="2017-01-24T10:54:09Z" finished-at="2017-01-24T10:54:09Z">
          <reporter-output>
          </reporter-output>
        </test-method> <!-- saveClassroom_IllegalArgumentExceptionTest -->
        <test-method status="PASS" signature="updateTest()[pri:0, instance:updateTest(com.jakub.ajamarks.services.showdataservices.ClassroomServiceImplTest)]" name="updateTest" duration-ms="0" started-at="2017-01-24T10:54:09Z" finished-at="2017-01-24T10:54:09Z">
          <reporter-output>
          </reporter-output>
        </test-method> <!-- updateTest -->
        <test-method status="PASS" signature="update_NullPointerExceptionTest()[pri:0, instance:update_NullPointerExceptionTest(com.jakub.ajamarks.services.showdataservices.ClassroomServiceImplTest)]" name="update_NullPointerExceptionTest" duration-ms="0" started-at="2017-01-24T10:54:09Z" finished-at="2017-01-24T10:54:09Z">
          <reporter-output>
          </reporter-output>
        </test-method> <!-- update_NullPointerExceptionTest -->
        <test-method status="PASS" signature="getClassroomStudentsByClassroomName_IllegalArgumentExceptionTest()[pri:0, instance:getClassroomStudentsByClassroomName_IllegalArgumentExceptionTest(com.jakub.ajamarks.services.showdataservices.ClassroomServiceImplTest)]" name="getClassroomStudentsByClassroomName_IllegalArgumentExceptionTest" duration-ms="0" started-at="2017-01-24T10:54:09Z" finished-at="2017-01-24T10:54:09Z">
          <reporter-output>
          </reporter-output>
        </test-method> <!-- getClassroomStudentsByClassroomName_IllegalArgumentExceptionTest -->
        <test-method status="PASS" signature="update_IllegalArgumentExceptionTest()[pri:0, instance:update_IllegalArgumentExceptionTest(com.jakub.ajamarks.services.showdataservices.ClassroomServiceImplTest)]" name="update_IllegalArgumentExceptionTest" duration-ms="0" started-at="2017-01-24T10:54:09Z" finished-at="2017-01-24T10:54:09Z">
          <reporter-output>
          </reporter-output>
        </test-method> <!-- update_IllegalArgumentExceptionTest -->
        <test-method status="PASS" signature="getClassroomByNumber_IllegalArgumentExceptionTest()[pri:0, instance:getClassroomByNumber_IllegalArgumentExceptionTest(com.jakub.ajamarks.services.showdataservices.ClassroomServiceImplTest)]" name="getClassroomByNumber_IllegalArgumentExceptionTest" duration-ms="0" started-at="2017-01-24T10:54:09Z" finished-at="2017-01-24T10:54:09Z">
          <reporter-output>
          </reporter-output>
        </test-method> <!-- getClassroomByNumber_IllegalArgumentExceptionTest -->
        <test-method status="PASS" signature="getClassroomByNameTest()[pri:0, instance:getClassroomByNameTest(com.jakub.ajamarks.services.showdataservices.ClassroomServiceImplTest)]" name="getClassroomByNameTest" duration-ms="1" started-at="2017-01-24T10:54:09Z" finished-at="2017-01-24T10:54:09Z">
          <reporter-output>
          </reporter-output>
        </test-method> <!-- getClassroomByNameTest -->
        <test-method status="PASS" signature="getClassroomStudentsByClassroomNameTest()[pri:0, instance:getClassroomStudentsByClassroomNameTest(com.jakub.ajamarks.services.showdataservices.ClassroomServiceImplTest)]" name="getClassroomStudentsByClassroomNameTest" duration-ms="0" started-at="2017-01-24T10:54:09Z" finished-at="2017-01-24T10:54:09Z">
          <reporter-output>
          </reporter-output>
        </test-method> <!-- getClassroomStudentsByClassroomNameTest -->
        <test-method status="PASS" signature="deleteTest()[pri:0, instance:deleteTest(com.jakub.ajamarks.services.showdataservices.ClassroomServiceImplTest)]" name="deleteTest" duration-ms="0" started-at="2017-01-24T10:54:09Z" finished-at="2017-01-24T10:54:09Z">
          <reporter-output>
          </reporter-output>
        </test-method> <!-- deleteTest -->
        <test-method status="PASS" signature="getAllByClassroomNameAscTest()[pri:0, instance:getAllByClassroomNameAscTest(com.jakub.ajamarks.services.showdataservices.ClassroomServiceImplTest)]" name="getAllByClassroomNameAscTest" duration-ms="0" started-at="2017-01-24T10:54:09Z" finished-at="2017-01-24T10:54:09Z">
          <reporter-output>
          </reporter-output>
        </test-method> <!-- getAllByClassroomNameAscTest -->
        <test-method status="PASS" signature="getClassroomByName_IllegalArgumentExceptionTest()[pri:0, instance:getClassroomByName_IllegalArgumentExceptionTest(com.jakub.ajamarks.services.showdataservices.ClassroomServiceImplTest)]" name="getClassroomByName_IllegalArgumentExceptionTest" duration-ms="0" started-at="2017-01-24T10:54:09Z" finished-at="2017-01-24T10:54:09Z">
          <reporter-output>
          </reporter-output>
        </test-method> <!-- getClassroomByName_IllegalArgumentExceptionTest -->
      </class> <!-- com.jakub.ajamarks.services.showdataservices.ClassroomServiceImplTest -->
      <class name="com.jakub.ajamarks.services.showdataservices.StudentServiceIntegrationTest">
        <test-method status="PASS" signature="getStudentsWithoutGivenMark_NoStudentsForGicenMarkTest()[pri:0, instance:getStudentsWithoutGivenMark_NoStudentsForGicenMarkTest(com.jakub.ajamarks.services.showdataservices.StudentServiceIntegrationTest)]" name="getStudentsWithoutGivenMark_NoStudentsForGicenMarkTest" duration-ms="476" started-at="2017-01-24T10:54:10Z" finished-at="2017-01-24T10:54:10Z">
          <reporter-output>
          </reporter-output>
        </test-method> <!-- getStudentsWithoutGivenMark_NoStudentsForGicenMarkTest -->
        <test-method status="PASS" signature="getClassroomStudentsByClassroomNameDescLastNameTest()[pri:0, instance:getClassroomStudentsByClassroomNameDescLastNameTest(com.jakub.ajamarks.services.showdataservices.StudentServiceIntegrationTest)]" name="getClassroomStudentsByClassroomNameDescLastNameTest" duration-ms="167" started-at="2017-01-24T10:54:10Z" finished-at="2017-01-24T10:54:11Z">
          <reporter-output>
          </reporter-output>
        </test-method> <!-- getClassroomStudentsByClassroomNameDescLastNameTest -->
        <test-method status="PASS" signature="getStudentByIdTest()[pri:0, instance:getStudentByIdTest(com.jakub.ajamarks.services.showdataservices.StudentServiceIntegrationTest)]" name="getStudentByIdTest" duration-ms="151" started-at="2017-01-24T10:54:11Z" finished-at="2017-01-24T10:54:11Z">
          <reporter-output>
          </reporter-output>
        </test-method> <!-- getStudentByIdTest -->
        <test-method status="PASS" signature="saveStudentTest()[pri:0, instance:saveStudentTest(com.jakub.ajamarks.services.showdataservices.StudentServiceIntegrationTest)]" name="saveStudentTest" duration-ms="237" started-at="2017-01-24T10:54:11Z" finished-at="2017-01-24T10:54:11Z">
          <reporter-output>
          </reporter-output>
        </test-method> <!-- saveStudentTest -->
        <test-method status="PASS" signature="getStudentsWithGivenMark_NoStudensForGivenMarkTest()[pri:0, instance:getStudentsWithGivenMark_NoStudensForGivenMarkTest(com.jakub.ajamarks.services.showdataservices.StudentServiceIntegrationTest)]" name="getStudentsWithGivenMark_NoStudensForGivenMarkTest" duration-ms="142" started-at="2017-01-24T10:54:11Z" finished-at="2017-01-24T10:54:11Z">
          <reporter-output>
          </reporter-output>
        </test-method> <!-- getStudentsWithGivenMark_NoStudensForGivenMarkTest -->
        <test-method status="PASS" signature="getAllTest()[pri:0, instance:getAllTest(com.jakub.ajamarks.services.showdataservices.StudentServiceIntegrationTest)]" name="getAllTest" duration-ms="191" started-at="2017-01-24T10:54:11Z" finished-at="2017-01-24T10:54:11Z">
          <reporter-output>
          </reporter-output>
        </test-method> <!-- getAllTest -->
        <test-method status="PASS" signature="getClassroomStudentsByClassroomNumberDescLastNameTest()[pri:0, instance:getClassroomStudentsByClassroomNumberDescLastNameTest(com.jakub.ajamarks.services.showdataservices.StudentServiceIntegrationTest)]" name="getClassroomStudentsByClassroomNumberDescLastNameTest" duration-ms="235" started-at="2017-01-24T10:54:11Z" finished-at="2017-01-24T10:54:12Z">
          <reporter-output>
          </reporter-output>
        </test-method> <!-- getClassroomStudentsByClassroomNumberDescLastNameTest -->
        <test-method status="PASS" signature="getStudentsWithoutGivenMarkTest()[pri:0, instance:getStudentsWithoutGivenMarkTest(com.jakub.ajamarks.services.showdataservices.StudentServiceIntegrationTest)]" name="getStudentsWithoutGivenMarkTest" duration-ms="158" started-at="2017-01-24T10:54:12Z" finished-at="2017-01-24T10:54:12Z">
          <reporter-output>
          </reporter-output>
        </test-method> <!-- getStudentsWithoutGivenMarkTest -->
        <test-method status="PASS" signature="updateByUserNameTest()[pri:0, instance:updateByUserNameTest(com.jakub.ajamarks.services.showdataservices.StudentServiceIntegrationTest)]" name="updateByUserNameTest" duration-ms="150" started-at="2017-01-24T10:54:12Z" finished-at="2017-01-24T10:54:12Z">
          <reporter-output>
          </reporter-output>
        </test-method> <!-- updateByUserNameTest -->
        <test-method status="PASS" signature="getStudentByUserNameTest()[pri:0, instance:getStudentByUserNameTest(com.jakub.ajamarks.services.showdataservices.StudentServiceIntegrationTest)]" name="getStudentByUserNameTest" duration-ms="141" started-at="2017-01-24T10:54:12Z" finished-at="2017-01-24T10:54:12Z">
          <reporter-output>
          </reporter-output>
        </test-method> <!-- getStudentByUserNameTest -->
        <test-method status="PASS" signature="getStudentsWithGivenMarkTest()[pri:0, instance:getStudentsWithGivenMarkTest(com.jakub.ajamarks.services.showdataservices.StudentServiceIntegrationTest)]" name="getStudentsWithGivenMarkTest" duration-ms="159" started-at="2017-01-24T10:54:12Z" finished-at="2017-01-24T10:54:12Z">
          <reporter-output>
          </reporter-output>
        </test-method> <!-- getStudentsWithGivenMarkTest -->
        <test-method status="PASS" signature="deleteTest()[pri:0, instance:deleteTest(com.jakub.ajamarks.services.showdataservices.StudentServiceIntegrationTest)]" name="deleteTest" duration-ms="134" started-at="2017-01-24T10:54:12Z" finished-at="2017-01-24T10:54:12Z">
          <reporter-output>
          </reporter-output>
        </test-method> <!-- deleteTest -->
      </class> <!-- com.jakub.ajamarks.services.showdataservices.StudentServiceIntegrationTest -->
      <class name="com.jakub.ajamarks.services.showdataservices.ClassroomServiceIntegrationTest">
        <test-method status="PASS" signature="getClassroomStudentsByClassroomNumber_NoStudentsForGivenClassroomNumberTest()[pri:0, instance:getClassroomStudentsByClassroomNumber_NoStudentsForGivenClassroomNumberTest(com.jakub.ajamarks.services.showdataservices.ClassroomServiceIntegrationTest)]" name="getClassroomStudentsByClassroomNumber_NoStudentsForGivenClassroomNumberTest" duration-ms="96" started-at="2017-01-24T10:54:09Z" finished-at="2017-01-24T10:54:09Z">
          <reporter-output>
          </reporter-output>
        </test-method> <!-- getClassroomStudentsByClassroomNumber_NoStudentsForGivenClassroomNumberTest -->
        <test-method status="PASS" signature="saveClassroomTest()[pri:0, instance:saveClassroomTest(com.jakub.ajamarks.services.showdataservices.ClassroomServiceIntegrationTest)]" name="saveClassroomTest" duration-ms="91" started-at="2017-01-24T10:54:09Z" finished-at="2017-01-24T10:54:09Z">
          <reporter-output>
          </reporter-output>
        </test-method> <!-- saveClassroomTest -->
        <test-method status="PASS" signature="getClassroomByIdTest()[pri:0, instance:getClassroomByIdTest(com.jakub.ajamarks.services.showdataservices.ClassroomServiceIntegrationTest)]" name="getClassroomByIdTest" duration-ms="59" started-at="2017-01-24T10:54:09Z" finished-at="2017-01-24T10:54:09Z">
          <reporter-output>
          </reporter-output>
        </test-method> <!-- getClassroomByIdTest -->
        <test-method status="PASS" signature="updateByClassroomNumberTest()[pri:0, instance:updateByClassroomNumberTest(com.jakub.ajamarks.services.showdataservices.ClassroomServiceIntegrationTest)]" name="updateByClassroomNumberTest" duration-ms="58" started-at="2017-01-24T10:54:09Z" finished-at="2017-01-24T10:54:09Z">
          <reporter-output>
          </reporter-output>
        </test-method> <!-- updateByClassroomNumberTest -->
        <test-method status="PASS" signature="getClassroomStudentsByClassroomNumberTest()[pri:0, instance:getClassroomStudentsByClassroomNumberTest(com.jakub.ajamarks.services.showdataservices.ClassroomServiceIntegrationTest)]" name="getClassroomStudentsByClassroomNumberTest" duration-ms="67" started-at="2017-01-24T10:54:09Z" finished-at="2017-01-24T10:54:09Z">
          <reporter-output>
          </reporter-output>
        </test-method> <!-- getClassroomStudentsByClassroomNumberTest -->
        <test-method status="PASS" signature="getClassroomByNumberTest()[pri:0, instance:getClassroomByNumberTest(com.jakub.ajamarks.services.showdataservices.ClassroomServiceIntegrationTest)]" name="getClassroomByNumberTest" duration-ms="67" started-at="2017-01-24T10:54:09Z" finished-at="2017-01-24T10:54:09Z">
          <reporter-output>
          </reporter-output>
        </test-method> <!-- getClassroomByNumberTest -->
        <test-method status="PASS" signature="getClassroomByName()[pri:0, instance:getClassroomByName(com.jakub.ajamarks.services.showdataservices.ClassroomServiceIntegrationTest)]" name="getClassroomByName" duration-ms="208" started-at="2017-01-24T10:54:09Z" finished-at="2017-01-24T10:54:10Z">
          <reporter-output>
          </reporter-output>
        </test-method> <!-- getClassroomByName -->
        <test-method status="PASS" signature="getClassroomStudentsByClassroomName_NoStudentsForGivenClassroomNameTest()[pri:0, instance:getClassroomStudentsByClassroomName_NoStudentsForGivenClassroomNameTest(com.jakub.ajamarks.services.showdataservices.ClassroomServiceIntegrationTest)]" name="getClassroomStudentsByClassroomName_NoStudentsForGivenClassroomNameTest" duration-ms="83" started-at="2017-01-24T10:54:10Z" finished-at="2017-01-24T10:54:10Z">
          <reporter-output>
          </reporter-output>
        </test-method> <!-- getClassroomStudentsByClassroomName_NoStudentsForGivenClassroomNameTest -->
        <test-method status="PASS" signature="getClassroomStudentsByClassroomName_NoGivenClassroomNameTest()[pri:0, instance:getClassroomStudentsByClassroomName_NoGivenClassroomNameTest(com.jakub.ajamarks.services.showdataservices.ClassroomServiceIntegrationTest)]" name="getClassroomStudentsByClassroomName_NoGivenClassroomNameTest" duration-ms="65" started-at="2017-01-24T10:54:10Z" finished-at="2017-01-24T10:54:10Z">
          <reporter-output>
          </reporter-output>
        </test-method> <!-- getClassroomStudentsByClassroomName_NoGivenClassroomNameTest -->
        <test-method status="PASS" signature="getClassroomStudentsByClassroomNameTest()[pri:0, instance:getClassroomStudentsByClassroomNameTest(com.jakub.ajamarks.services.showdataservices.ClassroomServiceIntegrationTest)]" name="getClassroomStudentsByClassroomNameTest" duration-ms="58" started-at="2017-01-24T10:54:10Z" finished-at="2017-01-24T10:54:10Z">
          <reporter-output>
          </reporter-output>
        </test-method> <!-- getClassroomStudentsByClassroomNameTest -->
        <test-method status="PASS" signature="deleteTest()[pri:0, instance:deleteTest(com.jakub.ajamarks.services.showdataservices.ClassroomServiceIntegrationTest)]" name="deleteTest" duration-ms="58" started-at="2017-01-24T10:54:10Z" finished-at="2017-01-24T10:54:10Z">
          <reporter-output>
          </reporter-output>
        </test-method> <!-- deleteTest -->
        <test-method status="PASS" signature="getClassroomStudentsByClassroomNumber_NoGivenClassroomNumberTest()[pri:0, instance:getClassroomStudentsByClassroomNumber_NoGivenClassroomNumberTest(com.jakub.ajamarks.services.showdataservices.ClassroomServiceIntegrationTest)]" name="getClassroomStudentsByClassroomNumber_NoGivenClassroomNumberTest" duration-ms="58" started-at="2017-01-24T10:54:10Z" finished-at="2017-01-24T10:54:10Z">
          <reporter-output>
          </reporter-output>
        </test-method> <!-- getClassroomStudentsByClassroomNumber_NoGivenClassroomNumberTest -->
        <test-method status="PASS" signature="getAllByClassroomNameAscTest()[pri:0, instance:getAllByClassroomNameAscTest(com.jakub.ajamarks.services.showdataservices.ClassroomServiceIntegrationTest)]" name="getAllByClassroomNameAscTest" duration-ms="75" started-at="2017-01-24T10:54:10Z" finished-at="2017-01-24T10:54:10Z">
          <reporter-output>
          </reporter-output>
        </test-method> <!-- getAllByClassroomNameAscTest -->
      </class> <!-- com.jakub.ajamarks.services.showdataservices.ClassroomServiceIntegrationTest -->
      <class name="com.jakub.ajamarks.services.showdataservices.MarkServiceIntegrationTest">
        <test-method status="PASS" signature="getStudentsByGivenMarkNameTest()[pri:0, instance:getStudentsByGivenMarkNameTest(com.jakub.ajamarks.services.showdataservices.MarkServiceIntegrationTest)]" name="getStudentsByGivenMarkNameTest" duration-ms="248" started-at="2017-01-24T10:54:07Z" finished-at="2017-01-24T10:54:07Z">
          <reporter-output>
          </reporter-output>
        </test-method> <!-- getStudentsByGivenMarkNameTest -->
        <test-method status="PASS" signature="updateByMarkValueTest()[pri:0, instance:updateByMarkValueTest(com.jakub.ajamarks.services.showdataservices.MarkServiceIntegrationTest)]" name="updateByMarkValueTest" duration-ms="142" started-at="2017-01-24T10:54:07Z" finished-at="2017-01-24T10:54:07Z">
          <reporter-output>
          </reporter-output>
        </test-method> <!-- updateByMarkValueTest -->
        <test-method status="PASS" signature="getStudentsByGivenMarkValue_NoStudentsForGivenMarkVaslueTest()[pri:0, instance:getStudentsByGivenMarkValue_NoStudentsForGivenMarkVaslueTest(com.jakub.ajamarks.services.showdataservices.MarkServiceIntegrationTest)]" name="getStudentsByGivenMarkValue_NoStudentsForGivenMarkVaslueTest" duration-ms="134" started-at="2017-01-24T10:54:07Z" finished-at="2017-01-24T10:54:08Z">
          <reporter-output>
          </reporter-output>
        </test-method> <!-- getStudentsByGivenMarkValue_NoStudentsForGivenMarkVaslueTest -->
        <test-method status="PASS" signature="getAllTest()[pri:0, instance:getAllTest(com.jakub.ajamarks.services.showdataservices.MarkServiceIntegrationTest)]" name="getAllTest" duration-ms="160" started-at="2017-01-24T10:54:08Z" finished-at="2017-01-24T10:54:08Z">
          <reporter-output>
          </reporter-output>
        </test-method> <!-- getAllTest -->
        <test-method status="PASS" signature="saveMarkTest()[pri:0, instance:saveMarkTest(com.jakub.ajamarks.services.showdataservices.MarkServiceIntegrationTest)]" name="saveMarkTest" duration-ms="167" started-at="2017-01-24T10:54:08Z" finished-at="2017-01-24T10:54:08Z">
          <reporter-output>
          </reporter-output>
        </test-method> <!-- saveMarkTest -->
        <test-method status="PASS" signature="getStudentsByGivenMarkName_NoGivenMarkNameTest()[pri:0, instance:getStudentsByGivenMarkName_NoGivenMarkNameTest(com.jakub.ajamarks.services.showdataservices.MarkServiceIntegrationTest)]" name="getStudentsByGivenMarkName_NoGivenMarkNameTest" duration-ms="142" started-at="2017-01-24T10:54:08Z" finished-at="2017-01-24T10:54:08Z">
          <reporter-output>
          </reporter-output>
        </test-method> <!-- getStudentsByGivenMarkName_NoGivenMarkNameTest -->
        <test-method status="PASS" signature="getByMarkNameTest()[pri:0, instance:getByMarkNameTest(com.jakub.ajamarks.services.showdataservices.MarkServiceIntegrationTest)]" name="getByMarkNameTest" duration-ms="133" started-at="2017-01-24T10:54:08Z" finished-at="2017-01-24T10:54:08Z">
          <reporter-output>
          </reporter-output>
        </test-method> <!-- getByMarkNameTest -->
        <test-method status="PASS" signature="getStudentsByGivenMarkValueTest()[pri:0, instance:getStudentsByGivenMarkValueTest(com.jakub.ajamarks.services.showdataservices.MarkServiceIntegrationTest)]" name="getStudentsByGivenMarkValueTest" duration-ms="167" started-at="2017-01-24T10:54:08Z" finished-at="2017-01-24T10:54:08Z">
          <reporter-output>
          </reporter-output>
        </test-method> <!-- getStudentsByGivenMarkValueTest -->
        <test-method status="PASS" signature="getStudentsByGivenMarkName_NoStudentsForGivenMarkNameTest()[pri:0, instance:getStudentsByGivenMarkName_NoStudentsForGivenMarkNameTest(com.jakub.ajamarks.services.showdataservices.MarkServiceIntegrationTest)]" name="getStudentsByGivenMarkName_NoStudentsForGivenMarkNameTest" duration-ms="142" started-at="2017-01-24T10:54:08Z" finished-at="2017-01-24T10:54:08Z">
          <reporter-output>
          </reporter-output>
        </test-method> <!-- getStudentsByGivenMarkName_NoStudentsForGivenMarkNameTest -->
        <test-method status="PASS" signature="getStudentsByGivenMarkValue_NoGivenMarkVaslueTest()[pri:0, instance:getStudentsByGivenMarkValue_NoGivenMarkVaslueTest(com.jakub.ajamarks.services.showdataservices.MarkServiceIntegrationTest)]" name="getStudentsByGivenMarkValue_NoGivenMarkVaslueTest" duration-ms="133" started-at="2017-01-24T10:54:08Z" finished-at="2017-01-24T10:54:09Z">
          <reporter-output>
          </reporter-output>
        </test-method> <!-- getStudentsByGivenMarkValue_NoGivenMarkVaslueTest -->
        <test-method status="PASS" signature="getByMarkValueTest()[pri:0, instance:getByMarkValueTest(com.jakub.ajamarks.services.showdataservices.MarkServiceIntegrationTest)]" name="getByMarkValueTest" duration-ms="133" started-at="2017-01-24T10:54:09Z" finished-at="2017-01-24T10:54:09Z">
          <reporter-output>
          </reporter-output>
        </test-method> <!-- getByMarkValueTest -->
        <test-method status="PASS" signature="deleteTest()[pri:0, instance:deleteTest(com.jakub.ajamarks.services.showdataservices.MarkServiceIntegrationTest)]" name="deleteTest" duration-ms="158" started-at="2017-01-24T10:54:09Z" finished-at="2017-01-24T10:54:09Z">
          <reporter-output>
          </reporter-output>
        </test-method> <!-- deleteTest -->
      </class> <!-- com.jakub.ajamarks.services.showdataservices.MarkServiceIntegrationTest -->
      <class name="com.jakub.ajamarks.services.statisticservices.StatisticServiceIntegrationTest">
        <test-method status="PASS" signature="countQuantityOfEachMarkForSchoolTest()[pri:0, instance:countQuantityOfEachMarkForSchoolTest(com.jakub.ajamarks.services.statisticservices.StatisticServiceIntegrationTest)]" name="countQuantityOfEachMarkForSchoolTest" duration-ms="780" started-at="2017-01-24T10:53:59Z" finished-at="2017-01-24T10:53:59Z">
          <reporter-output>
          </reporter-output>
        </test-method> <!-- countQuantityOfEachMarkForSchoolTest -->
        <test-method status="PASS" signature="isStudentAverageHigherThenInClassroomTest()[pri:0, instance:isStudentAverageHigherThenInClassroomTest(com.jakub.ajamarks.services.statisticservices.StatisticServiceIntegrationTest)]" name="isStudentAverageHigherThenInClassroomTest" duration-ms="1060" started-at="2017-01-24T10:53:59Z" finished-at="2017-01-24T10:54:00Z">
          <reporter-output>
          </reporter-output>
        </test-method> <!-- isStudentAverageHigherThenInClassroomTest -->
        <test-method status="PASS" signature="isStudentAverageHigherThenInAchoolTest()[pri:0, instance:isStudentAverageHigherThenInAchoolTest(com.jakub.ajamarks.services.statisticservices.StatisticServiceIntegrationTest)]" name="isStudentAverageHigherThenInAchoolTest" duration-ms="435" started-at="2017-01-24T10:54:00Z" finished-at="2017-01-24T10:54:01Z">
          <reporter-output>
          </reporter-output>
        </test-method> <!-- isStudentAverageHigherThenInAchoolTest -->
        <test-method status="PASS" signature="countAverageMarkForSchoolTest()[pri:0, instance:countAverageMarkForSchoolTest(com.jakub.ajamarks.services.statisticservices.StatisticServiceIntegrationTest)]" name="countAverageMarkForSchoolTest" duration-ms="385" started-at="2017-01-24T10:54:01Z" finished-at="2017-01-24T10:54:01Z">
          <reporter-output>
          </reporter-output>
        </test-method> <!-- countAverageMarkForSchoolTest -->
        <test-method status="PASS" signature="getStudentsAboveStudentAverageTest()[pri:0, instance:getStudentsAboveStudentAverageTest(com.jakub.ajamarks.services.statisticservices.StatisticServiceIntegrationTest)]" name="getStudentsAboveStudentAverageTest" duration-ms="586" started-at="2017-01-24T10:54:01Z" finished-at="2017-01-24T10:54:02Z">
          <reporter-output>
          </reporter-output>
        </test-method> <!-- getStudentsAboveStudentAverageTest -->
        <test-method status="PASS" signature="countAverageMarkForUser_WithNoMarksTest()[pri:0, instance:countAverageMarkForUser_WithNoMarksTest(com.jakub.ajamarks.services.statisticservices.StatisticServiceIntegrationTest)]" name="countAverageMarkForUser_WithNoMarksTest" duration-ms="548" started-at="2017-01-24T10:54:02Z" finished-at="2017-01-24T10:54:02Z">
          <reporter-output>
          </reporter-output>
        </test-method> <!-- countAverageMarkForUser_WithNoMarksTest -->
        <test-method status="PASS" signature="countAverageMarkForUserTest()[pri:0, instance:countAverageMarkForUserTest(com.jakub.ajamarks.services.statisticservices.StatisticServiceIntegrationTest)]" name="countAverageMarkForUserTest" duration-ms="548" started-at="2017-01-24T10:54:02Z" finished-at="2017-01-24T10:54:03Z">
          <reporter-output>
          </reporter-output>
        </test-method> <!-- countAverageMarkForUserTest -->
        <test-method status="PASS" signature="countHowManyStudentsAboveStudentAverageTest()[pri:0, instance:countHowManyStudentsAboveStudentAverageTest(com.jakub.ajamarks.services.statisticservices.StatisticServiceIntegrationTest)]" name="countHowManyStudentsAboveStudentAverageTest" duration-ms="502" started-at="2017-01-24T10:54:03Z" finished-at="2017-01-24T10:54:04Z">
          <reporter-output>
          </reporter-output>
        </test-method> <!-- countHowManyStudentsAboveStudentAverageTest -->
        <test-method status="PASS" signature="countHowManyStudentsAboveSchoolAverageTest()[pri:0, instance:countHowManyStudentsAboveSchoolAverageTest(com.jakub.ajamarks.services.statisticservices.StatisticServiceIntegrationTest)]" name="countHowManyStudentsAboveSchoolAverageTest" duration-ms="420" started-at="2017-01-24T10:54:04Z" finished-at="2017-01-24T10:54:04Z">
          <reporter-output>
          </reporter-output>
        </test-method> <!-- countHowManyStudentsAboveSchoolAverageTest -->
        <test-method status="PASS" signature="sortStudentsByAverageAscTest()[pri:0, instance:sortStudentsByAverageAscTest(com.jakub.ajamarks.services.statisticservices.StatisticServiceIntegrationTest)]" name="sortStudentsByAverageAscTest" duration-ms="1194" started-at="2017-01-24T10:54:04Z" finished-at="2017-01-24T10:54:05Z">
          <reporter-output>
          </reporter-output>
        </test-method> <!-- sortStudentsByAverageAscTest -->
        <test-method status="PASS" signature="countAverageMarkForClassroomTest()[pri:0, instance:countAverageMarkForClassroomTest(com.jakub.ajamarks.services.statisticservices.StatisticServiceIntegrationTest)]" name="countAverageMarkForClassroomTest" duration-ms="493" started-at="2017-01-24T10:54:05Z" finished-at="2017-01-24T10:54:06Z">
          <reporter-output>
          </reporter-output>
        </test-method> <!-- countAverageMarkForClassroomTest -->
        <test-method status="PASS" signature="getFromClassroomMarkStudentListMapTest()[pri:0, instance:getFromClassroomMarkStudentListMapTest(com.jakub.ajamarks.services.statisticservices.StatisticServiceIntegrationTest)]" name="getFromClassroomMarkStudentListMapTest" duration-ms="412" started-at="2017-01-24T10:54:06Z" finished-at="2017-01-24T10:54:06Z">
          <reporter-output>
          </reporter-output>
        </test-method> <!-- getFromClassroomMarkStudentListMapTest -->
        <test-method status="PASS" signature="getFromSchoolMarkStudentListMapTest()[pri:0, instance:getFromSchoolMarkStudentListMapTest(com.jakub.ajamarks.services.statisticservices.StatisticServiceIntegrationTest)]" name="getFromSchoolMarkStudentListMapTest" duration-ms="510" started-at="2017-01-24T10:54:06Z" finished-at="2017-01-24T10:54:07Z">
          <reporter-output>
          </reporter-output>
        </test-method> <!-- getFromSchoolMarkStudentListMapTest -->
        <test-method status="PASS" signature="getStudentsAboveSchoolAverageTest()[pri:0, instance:getStudentsAboveSchoolAverageTest(com.jakub.ajamarks.services.statisticservices.StatisticServiceIntegrationTest)]" name="getStudentsAboveSchoolAverageTest" duration-ms="452" started-at="2017-01-24T10:54:07Z" finished-at="2017-01-24T10:54:07Z">
          <reporter-output>
          </reporter-output>
        </test-method> <!-- getStudentsAboveSchoolAverageTest -->
      </class> <!-- com.jakub.ajamarks.services.statisticservices.StatisticServiceIntegrationTest -->
    </test> <!-- Surefire test -->
  </suite> <!-- Surefire suite -->
</testng-results>
