<?xml version="1.0" encoding="UTF-8"?>
<!-- Generated by org.testng.reporters.JUnitXMLReporter -->
<testsuite hostname="ja-Vostro-260" name="Surefire test" tests="22" failures="0" timestamp="24 Jan 2017 09:53:51 GMT" time="0.199" errors="0">
  <testcase name="testFindStudentsInClassroom" time="0.001" classname="com.jakub.ajamarks.repositories.ClassroomRepositoryTest"/>
  <testcase name="testFindStudentbyUserName" time="0.0" classname="com.jakub.ajamarks.repositories.StudentRepositoryTest"/>
  <testcase name="deleteTest" time="0.014" classname="com.jakub.ajamarks.services.showdataservices.StudentServiceImplTest"/>
  <testcase name="delete_IllegalArgumentExceptionTest" time="0.002" classname="com.jakub.ajamarks.services.showdataservices.StudentServiceImplTest"/>
  <testcase name="getAllTest" time="0.002" classname="com.jakub.ajamarks.services.showdataservices.StudentServiceImplTest"/>
  <testcase name="getClassroomStudentsByClassroomNameDescLastNameTest" time="0.001" classname="com.jakub.ajamarks.services.showdataservices.StudentServiceImplTest"/>
  <testcase name="getClassroomStudentsByClassroomNameDescLastName_IllegalArgumentExceptionTest" time="0.0" classname="com.jakub.ajamarks.services.showdataservices.StudentServiceImplTest"/>
  <testcase name="getClassroomStudentsByClassroomNameDescLastNumberTest" time="0.001" classname="com.jakub.ajamarks.services.showdataservices.StudentServiceImplTest"/>
  <testcase name="getClassroomStudentsByClassroomNameDescLastNumber_IllegalArgumentExceptionTest" time="0.0" classname="com.jakub.ajamarks.services.showdataservices.StudentServiceImplTest"/>
  <testcase name="getStudentByIdTest" time="0.001" classname="com.jakub.ajamarks.services.showdataservices.StudentServiceImplTest"/>
  <testcase name="getStudentById_IllegalArgumentExceptionTest" time="0.0" classname="com.jakub.ajamarks.services.showdataservices.StudentServiceImplTest"/>
  <testcase name="getStudentByUserNameTest" time="0.0" classname="com.jakub.ajamarks.services.showdataservices.StudentServiceImplTest"/>
  <testcase name="getStudentByUserName_IllegalArgumentExceptionTest" time="0.001" classname="com.jakub.ajamarks.services.showdataservices.StudentServiceImplTest"/>
  <testcase name="getStudentsWithGivenMarkTest" time="0.039" classname="com.jakub.ajamarks.services.showdataservices.StudentServiceImplTest"/>
  <testcase name="getStudentsWithGivenMark_IllegalArgumentExceptionTest" time="0.0" classname="com.jakub.ajamarks.services.showdataservices.StudentServiceImplTest"/>
  <testcase name="getStudentsWithoutGivenMarkTest" time="0.001" classname="com.jakub.ajamarks.services.showdataservices.StudentServiceImplTest"/>
  <testcase name="getStudentsWithoutGivenMark_IllegalArgumentExceptionTest" time="0.0" classname="com.jakub.ajamarks.services.showdataservices.StudentServiceImplTest"/>
  <testcase name="saveStudentTest" time="0.0" classname="com.jakub.ajamarks.services.showdataservices.StudentServiceImplTest"/>
  <testcase name="saveStudent_IllegalArgumentExceptionTest" time="0.0" classname="com.jakub.ajamarks.services.showdataservices.StudentServiceImplTest"/>
  <testcase name="updateByUserNameTest" time="0.001" classname="com.jakub.ajamarks.services.showdataservices.StudentServiceImplTest"/>
  <testcase name="updateByUserName_IllegalArgumentExceptionTest" time="0.0" classname="com.jakub.ajamarks.services.showdataservices.StudentServiceImplTest"/>
  <testcase name="updateByUserName_NullPointerExceptionTest" time="0.0" classname="com.jakub.ajamarks.services.showdataservices.StudentServiceImplTest"/>
</testsuite> <!-- Surefire test -->
