-------------------------------------------------------------------------------
Test set: com.jakub.ajamarks.services.showdataservices.ClassroomServiceIntegrationTest
-------------------------------------------------------------------------------
Tests run: 13, Failures: 3, Errors: 1, Skipped: 0, Time elapsed: 1.385 sec <<< FAILURE! - in com.jakub.ajamarks.services.showdataservices.ClassroomServiceIntegrationTest
saveClassroomTest(com.jakub.ajamarks.services.showdataservices.ClassroomServiceIntegrationTest)  Time elapsed: 0.218 sec  <<< FAILURE!
java.lang.AssertionError: 
Expected: is <2>
     but: was <3>
	at org.hamcrest.MatcherAssert.assertThat(MatcherAssert.java:20)
	at org.hamcrest.MatcherAssert.assertThat(MatcherAssert.java:8)
	at com.jakub.ajamarks.services.showdataservices.ClassroomServiceIntegrationTest.saveClassroomTest(ClassroomServiceIntegrationTest.java:70)

deleteTest(com.jakub.ajamarks.services.showdataservices.ClassroomServiceIntegrationTest)  Time elapsed: 0.183 sec  <<< FAILURE!
java.lang.AssertionError: 
Expected: is <2>
     but: was <3>
	at org.hamcrest.MatcherAssert.assertThat(MatcherAssert.java:20)
	at org.hamcrest.MatcherAssert.assertThat(MatcherAssert.java:8)
	at com.jakub.ajamarks.services.showdataservices.ClassroomServiceIntegrationTest.deleteTest(ClassroomServiceIntegrationTest.java:99)

getClassroomStudentsByClassroomNumber_NoGivenClassroomNumberTest(com.jakub.ajamarks.services.showdataservices.ClassroomServiceIntegrationTest)  Time elapsed: 0.073 sec  <<< ERROR!
java.lang.Exception: Unexpected exception, expected<java.lang.NullPointerException> but was<java.lang.IllegalArgumentException>
	at com.google.common.base.Preconditions.checkArgument(Preconditions.java:122)
	at com.jakub.ajamarks.services.showdataservices.ClassroomServiceImpl.delete(ClassroomServiceImpl.java:32)
	at sun.reflect.NativeMethodAccessorImpl.invoke0(Native Method)
	at sun.reflect.NativeMethodAccessorImpl.invoke(NativeMethodAccessorImpl.java:62)
	at sun.reflect.DelegatingMethodAccessorImpl.invoke(DelegatingMethodAccessorImpl.java:43)
	at java.lang.reflect.Method.invoke(Method.java:498)
	at org.springframework.aop.support.AopUtils.invokeJoinpointUsingReflection(AopUtils.java:333)
	at org.springframework.aop.framework.ReflectiveMethodInvocation.invokeJoinpoint(ReflectiveMethodInvocation.java:190)
	at org.springframework.aop.framework.ReflectiveMethodInvocation.proceed(ReflectiveMethodInvocation.java:157)
	at org.springframework.transaction.interceptor.TransactionInterceptor$1.proceedWithInvocation(TransactionInterceptor.java:99)
	at org.springframework.transaction.interceptor.TransactionAspectSupport.invokeWithinTransaction(TransactionAspectSupport.java:281)
	at org.springframework.transaction.interceptor.TransactionInterceptor.invoke(TransactionInterceptor.java:96)
	at org.springframework.aop.framework.ReflectiveMethodInvocation.proceed(ReflectiveMethodInvocation.java:179)
	at org.springframework.aop.framework.JdkDynamicAopProxy.invoke(JdkDynamicAopProxy.java:213)
	at com.sun.proxy.$Proxy53.delete(Unknown Source)
	at com.jakub.ajamarks.services.showdataservices.ClassroomServiceIntegrationTest.getClassroomStudentsByClassroomNumber_NoGivenClassroomNumberTest(ClassroomServiceIntegrationTest.java:161)

getAllByClassroomNameAscTest(com.jakub.ajamarks.services.showdataservices.ClassroomServiceIntegrationTest)  Time elapsed: 0.094 sec  <<< FAILURE!
java.lang.AssertionError: 
Expected: is <1>
     but: was <2>
	at org.hamcrest.MatcherAssert.assertThat(MatcherAssert.java:20)
	at org.hamcrest.MatcherAssert.assertThat(MatcherAssert.java:8)
	at com.jakub.ajamarks.services.showdataservices.ClassroomServiceIntegrationTest.getAllByClassroomNameAscTest(ClassroomServiceIntegrationTest.java:111)

