<?xml version="1.0" encoding="UTF-8"?>
<testsuite name="com.jakub.ajamarks.services.showdataservices.StudentServiceIntegrationTest" time="2.129" tests="12" errors="0" skipped="0" failures="4">
  <properties>
[...]
</properties>
  <testcase name="getStudentsWithoutGivenMark_NoStudentsForGicenMarkTest" classname="com.jakub.ajamarks.services.showdataservices.StudentServiceIntegrationTest" time="0.173">
    <failure message="&#10;Expected: is &lt;1&gt;&#10;     but: was &lt;0&gt;" type="java.lang.AssertionError"><![CDATA[java.lang.AssertionError: 
Expected: is <1>
     but: was <0>
	at org.hamcrest.MatcherAssert.assertThat(MatcherAssert.java:20)
	at org.hamcrest.MatcherAssert.assertThat(MatcherAssert.java:8)
	at com.jakub.ajamarks.services.showdataservices.StudentServiceIntegrationTest.getStudentsWithoutGivenMark_NoStudentsForGicenMarkTest(StudentServiceIntegrationTest.java:236)
]]></failure>
    <system-out>Hibernate: select next_val as id_val from hibernate_sequence for update
Hibernate: update hibernate_sequence set next_val= ? where next_val=?
Hibernate: select next_val as id_val from hibernate_sequence for update
Hibernate: update hibernate_sequence set next_val= ? where next_val=?
Hibernate: select next_val as id_val from hibernate_sequence for update
Hibernate: update hibernate_sequence set next_val= ? where next_val=?
Hibernate: select next_val as id_val from hibernate_sequence for update
Hibernate: update hibernate_sequence set next_val= ? where next_val=?
Hibernate: insert into Mark (markName, markValue, idMark) values (?, ?, ?)
Hibernate: insert into Mark (markName, markValue, idMark) values (?, ?, ?)
Hibernate: insert into Classroom (classroomName, classroomNumber, idClassroom) values (?, ?, ?)
Hibernate: insert into Student (classroom_idClassroom, firstName, lastName, userName, idStudent) values (?, ?, ?, ?, ?)
Hibernate: select mark0_.idMark as idMark1_1_, mark0_.markName as markName2_1_, mark0_.markValue as markValu3_1_ from Mark mark0_ where mark0_.markValue=?
Hibernate: select student0_.idStudent as idStuden1_3_, student0_.classroom_idClassroom as classroo5_3_, student0_.firstName as firstNam2_3_, student0_.lastName as lastName3_3_, student0_.userName as userName4_3_ from Student student0_
Hibernate: select classroom0_.idClassroom as idClassr1_0_0_, classroom0_.classroomName as classroo2_0_0_, classroom0_.classroomNumber as classroo3_0_0_, studentsin1_.classroom_idClassroom as classroo5_3_1_, studentsin1_.idStudent as idStuden1_3_1_, studentsin1_.idStudent as idStuden1_3_2_, studentsin1_.classroom_idClassroom as classroo5_3_2_, studentsin1_.firstName as firstNam2_3_2_, studentsin1_.lastName as lastName3_3_2_, studentsin1_.userName as userName4_3_2_, studentmar2_.studentsWithMark_idStudent as students2_2_3_, mark3_.idMark as studentM1_2_3_, mark3_.idMark as idMark1_1_4_, mark3_.markName as markName2_1_4_, mark3_.markValue as markValu3_1_4_ from Classroom classroom0_ left outer join Student studentsin1_ on classroom0_.idClassroom=studentsin1_.classroom_idClassroom left outer join Mark_Student studentmar2_ on studentsin1_.idStudent=studentmar2_.studentsWithMark_idStudent left outer join Mark mark3_ on studentmar2_.studentMarks_idMark=mark3_.idMark where classroom0_.idClassroom=?
Hibernate: select studentswi0_.studentMarks_idMark as studentM1_2_0_, studentswi0_.studentsWithMark_idStudent as students2_2_0_, student1_.idStudent as idStuden1_3_1_, student1_.classroom_idClassroom as classroo5_3_1_, student1_.firstName as firstNam2_3_1_, student1_.lastName as lastName3_3_1_, student1_.userName as userName4_3_1_, classroom2_.idClassroom as idClassr1_0_2_, classroom2_.classroomName as classroo2_0_2_, classroom2_.classroomNumber as classroo3_0_2_ from Mark_Student studentswi0_ inner join Student student1_ on studentswi0_.studentsWithMark_idStudent=student1_.idStudent left outer join Classroom classroom2_ on student1_.classroom_idClassroom=classroom2_.idClassroom where studentswi0_.studentMarks_idMark=?
</system-out>
  </testcase>
  <testcase name="getClassroomStudentsByClassroomNameDescLastNameTest" classname="com.jakub.ajamarks.services.showdataservices.StudentServiceIntegrationTest" time="0.16"/>
  <testcase name="getStudentByIdTest" classname="com.jakub.ajamarks.services.showdataservices.StudentServiceIntegrationTest" time="0.225"/>
  <testcase name="saveStudentTest" classname="com.jakub.ajamarks.services.showdataservices.StudentServiceIntegrationTest" time="0.242">
    <failure message="&#10;Expected: is &lt;3&gt;&#10;     but: was &lt;2&gt;" type="java.lang.AssertionError"><![CDATA[java.lang.AssertionError: 
Expected: is <3>
     but: was <2>
	at org.hamcrest.MatcherAssert.assertThat(MatcherAssert.java:20)
	at org.hamcrest.MatcherAssert.assertThat(MatcherAssert.java:8)
	at com.jakub.ajamarks.services.showdataservices.StudentServiceIntegrationTest.saveStudentTest(StudentServiceIntegrationTest.java:101)
]]></failure>
    <system-out>Hibernate: select next_val as id_val from hibernate_sequence for update
Hibernate: update hibernate_sequence set next_val= ? where next_val=?
Hibernate: select next_val as id_val from hibernate_sequence for update
Hibernate: update hibernate_sequence set next_val= ? where next_val=?
Hibernate: select next_val as id_val from hibernate_sequence for update
Hibernate: update hibernate_sequence set next_val= ? where next_val=?
Hibernate: select next_val as id_val from hibernate_sequence for update
Hibernate: update hibernate_sequence set next_val= ? where next_val=?
Hibernate: select next_val as id_val from hibernate_sequence for update
Hibernate: update hibernate_sequence set next_val= ? where next_val=?
Hibernate: insert into Mark (markName, markValue, idMark) values (?, ?, ?)
Hibernate: insert into Mark (markName, markValue, idMark) values (?, ?, ?)
Hibernate: insert into Classroom (classroomName, classroomNumber, idClassroom) values (?, ?, ?)
Hibernate: insert into Student (classroom_idClassroom, firstName, lastName, userName, idStudent) values (?, ?, ?, ?, ?)
Hibernate: insert into Student (classroom_idClassroom, firstName, lastName, userName, idStudent) values (?, ?, ?, ?, ?)
Hibernate: select student0_.idStudent as idStuden1_3_, student0_.classroom_idClassroom as classroo5_3_, student0_.firstName as firstNam2_3_, student0_.lastName as lastName3_3_, student0_.userName as userName4_3_ from Student student0_ order by student0_.lastName desc
Hibernate: select classroom0_.idClassroom as idClassr1_0_0_, classroom0_.classroomName as classroo2_0_0_, classroom0_.classroomNumber as classroo3_0_0_, studentsin1_.classroom_idClassroom as classroo5_3_1_, studentsin1_.idStudent as idStuden1_3_1_, studentsin1_.idStudent as idStuden1_3_2_, studentsin1_.classroom_idClassroom as classroo5_3_2_, studentsin1_.firstName as firstNam2_3_2_, studentsin1_.lastName as lastName3_3_2_, studentsin1_.userName as userName4_3_2_, studentmar2_.studentsWithMark_idStudent as students2_2_3_, mark3_.idMark as studentM1_2_3_, mark3_.idMark as idMark1_1_4_, mark3_.markName as markName2_1_4_, mark3_.markValue as markValu3_1_4_ from Classroom classroom0_ left outer join Student studentsin1_ on classroom0_.idClassroom=studentsin1_.classroom_idClassroom left outer join Mark_Student studentmar2_ on studentsin1_.idStudent=studentmar2_.studentsWithMark_idStudent left outer join Mark mark3_ on studentmar2_.studentMarks_idMark=mark3_.idMark where classroom0_.idClassroom=?
Hibernate: select studentswi0_.studentMarks_idMark as studentM1_2_0_, studentswi0_.studentsWithMark_idStudent as students2_2_0_, student1_.idStudent as idStuden1_3_1_, student1_.classroom_idClassroom as classroo5_3_1_, student1_.firstName as firstNam2_3_1_, student1_.lastName as lastName3_3_1_, student1_.userName as userName4_3_1_, classroom2_.idClassroom as idClassr1_0_2_, classroom2_.classroomName as classroo2_0_2_, classroom2_.classroomNumber as classroo3_0_2_ from Mark_Student studentswi0_ inner join Student student1_ on studentswi0_.studentsWithMark_idStudent=student1_.idStudent left outer join Classroom classroom2_ on student1_.classroom_idClassroom=classroom2_.idClassroom where studentswi0_.studentMarks_idMark=?
</system-out>
  </testcase>
  <testcase name="getStudentsWithGivenMark_NoStudensForGivenMarkTest" classname="com.jakub.ajamarks.services.showdataservices.StudentServiceIntegrationTest" time="0.15"/>
  <testcase name="getAllTest" classname="com.jakub.ajamarks.services.showdataservices.StudentServiceIntegrationTest" time="0.262">
    <failure message="&#10;Expected: is &lt;3&gt;&#10;     but: was &lt;2&gt;" type="java.lang.AssertionError"><![CDATA[java.lang.AssertionError: 
Expected: is <3>
     but: was <2>
	at org.hamcrest.MatcherAssert.assertThat(MatcherAssert.java:20)
	at org.hamcrest.MatcherAssert.assertThat(MatcherAssert.java:8)
	at com.jakub.ajamarks.services.showdataservices.StudentServiceIntegrationTest.getAllTest(StudentServiceIntegrationTest.java:139)
]]></failure>
    <system-out>Hibernate: select next_val as id_val from hibernate_sequence for update
Hibernate: update hibernate_sequence set next_val= ? where next_val=?
Hibernate: select next_val as id_val from hibernate_sequence for update
Hibernate: update hibernate_sequence set next_val= ? where next_val=?
Hibernate: select next_val as id_val from hibernate_sequence for update
Hibernate: update hibernate_sequence set next_val= ? where next_val=?
Hibernate: select next_val as id_val from hibernate_sequence for update
Hibernate: update hibernate_sequence set next_val= ? where next_val=?
Hibernate: select next_val as id_val from hibernate_sequence for update
Hibernate: update hibernate_sequence set next_val= ? where next_val=?
Hibernate: insert into Mark (markName, markValue, idMark) values (?, ?, ?)
Hibernate: insert into Mark (markName, markValue, idMark) values (?, ?, ?)
Hibernate: insert into Classroom (classroomName, classroomNumber, idClassroom) values (?, ?, ?)
Hibernate: insert into Student (classroom_idClassroom, firstName, lastName, userName, idStudent) values (?, ?, ?, ?, ?)
Hibernate: insert into Student (classroom_idClassroom, firstName, lastName, userName, idStudent) values (?, ?, ?, ?, ?)
Hibernate: select student0_.idStudent as idStuden1_3_, student0_.classroom_idClassroom as classroo5_3_, student0_.firstName as firstNam2_3_, student0_.lastName as lastName3_3_, student0_.userName as userName4_3_ from Student student0_ order by student0_.lastName desc
Hibernate: select classroom0_.idClassroom as idClassr1_0_0_, classroom0_.classroomName as classroo2_0_0_, classroom0_.classroomNumber as classroo3_0_0_, studentsin1_.classroom_idClassroom as classroo5_3_1_, studentsin1_.idStudent as idStuden1_3_1_, studentsin1_.idStudent as idStuden1_3_2_, studentsin1_.classroom_idClassroom as classroo5_3_2_, studentsin1_.firstName as firstNam2_3_2_, studentsin1_.lastName as lastName3_3_2_, studentsin1_.userName as userName4_3_2_, studentmar2_.studentsWithMark_idStudent as students2_2_3_, mark3_.idMark as studentM1_2_3_, mark3_.idMark as idMark1_1_4_, mark3_.markName as markName2_1_4_, mark3_.markValue as markValu3_1_4_ from Classroom classroom0_ left outer join Student studentsin1_ on classroom0_.idClassroom=studentsin1_.classroom_idClassroom left outer join Mark_Student studentmar2_ on studentsin1_.idStudent=studentmar2_.studentsWithMark_idStudent left outer join Mark mark3_ on studentmar2_.studentMarks_idMark=mark3_.idMark where classroom0_.idClassroom=?
Hibernate: select studentswi0_.studentMarks_idMark as studentM1_2_0_, studentswi0_.studentsWithMark_idStudent as students2_2_0_, student1_.idStudent as idStuden1_3_1_, student1_.classroom_idClassroom as classroo5_3_1_, student1_.firstName as firstNam2_3_1_, student1_.lastName as lastName3_3_1_, student1_.userName as userName4_3_1_, classroom2_.idClassroom as idClassr1_0_2_, classroom2_.classroomName as classroo2_0_2_, classroom2_.classroomNumber as classroo3_0_2_ from Mark_Student studentswi0_ inner join Student student1_ on studentswi0_.studentsWithMark_idStudent=student1_.idStudent left outer join Classroom classroom2_ on student1_.classroom_idClassroom=classroom2_.idClassroom where studentswi0_.studentMarks_idMark=?
</system-out>
  </testcase>
  <testcase name="getClassroomStudentsByClassroomNumberDescLastNameTest" classname="com.jakub.ajamarks.services.showdataservices.StudentServiceIntegrationTest" time="0.189"/>
  <testcase name="getStudentsWithoutGivenMarkTest" classname="com.jakub.ajamarks.services.showdataservices.StudentServiceIntegrationTest" time="0.167"/>
  <testcase name="getStudentByUserNameTest" classname="com.jakub.ajamarks.services.showdataservices.StudentServiceIntegrationTest" time="0.135"/>
  <testcase name="updateStudentTest" classname="com.jakub.ajamarks.services.showdataservices.StudentServiceIntegrationTest" time="0.133"/>
  <testcase name="getStudentsWithGivenMarkTest" classname="com.jakub.ajamarks.services.showdataservices.StudentServiceIntegrationTest" time="0.168"/>
  <testcase name="deleteTest" classname="com.jakub.ajamarks.services.showdataservices.StudentServiceIntegrationTest" time="0.125">
    <failure message="&#10;Expected: is &lt;1&gt;&#10;     but: was &lt;0&gt;" type="java.lang.AssertionError"><![CDATA[java.lang.AssertionError: 
Expected: is <1>
     but: was <0>
	at org.hamcrest.MatcherAssert.assertThat(MatcherAssert.java:20)
	at org.hamcrest.MatcherAssert.assertThat(MatcherAssert.java:8)
	at com.jakub.ajamarks.services.showdataservices.StudentServiceIntegrationTest.deleteTest(StudentServiceIntegrationTest.java:129)
]]></failure>
    <system-out>Hibernate: select next_val as id_val from hibernate_sequence for update
Hibernate: update hibernate_sequence set next_val= ? where next_val=?
Hibernate: select next_val as id_val from hibernate_sequence for update
Hibernate: update hibernate_sequence set next_val= ? where next_val=?
Hibernate: select next_val as id_val from hibernate_sequence for update
Hibernate: update hibernate_sequence set next_val= ? where next_val=?
Hibernate: select next_val as id_val from hibernate_sequence for update
Hibernate: update hibernate_sequence set next_val= ? where next_val=?
Hibernate: insert into Mark (markName, markValue, idMark) values (?, ?, ?)
Hibernate: insert into Mark (markName, markValue, idMark) values (?, ?, ?)
Hibernate: insert into Classroom (classroomName, classroomNumber, idClassroom) values (?, ?, ?)
Hibernate: insert into Student (classroom_idClassroom, firstName, lastName, userName, idStudent) values (?, ?, ?, ?, ?)
Hibernate: delete from Mark where idMark=?
Hibernate: delete from Student where idStudent=?
Hibernate: select student0_.idStudent as idStuden1_3_, student0_.classroom_idClassroom as classroo5_3_, student0_.firstName as firstNam2_3_, student0_.lastName as lastName3_3_, student0_.userName as userName4_3_ from Student student0_ order by student0_.lastName desc
Hibernate: select classroom0_.idClassroom as idClassr1_0_0_, classroom0_.classroomName as classroo2_0_0_, classroom0_.classroomNumber as classroo3_0_0_, studentsin1_.classroom_idClassroom as classroo5_3_1_, studentsin1_.idStudent as idStuden1_3_1_, studentsin1_.idStudent as idStuden1_3_2_, studentsin1_.classroom_idClassroom as classroo5_3_2_, studentsin1_.firstName as firstNam2_3_2_, studentsin1_.lastName as lastName3_3_2_, studentsin1_.userName as userName4_3_2_, studentmar2_.studentsWithMark_idStudent as students2_2_3_, mark3_.idMark as studentM1_2_3_, mark3_.idMark as idMark1_1_4_, mark3_.markName as markName2_1_4_, mark3_.markValue as markValu3_1_4_ from Classroom classroom0_ left outer join Student studentsin1_ on classroom0_.idClassroom=studentsin1_.classroom_idClassroom left outer join Mark_Student studentmar2_ on studentsin1_.idStudent=studentmar2_.studentsWithMark_idStudent left outer join Mark mark3_ on studentmar2_.studentMarks_idMark=mark3_.idMark where classroom0_.idClassroom=?
Hibernate: select studentswi0_.studentMarks_idMark as studentM1_2_0_, studentswi0_.studentsWithMark_idStudent as students2_2_0_, student1_.idStudent as idStuden1_3_1_, student1_.classroom_idClassroom as classroo5_3_1_, student1_.firstName as firstNam2_3_1_, student1_.lastName as lastName3_3_1_, student1_.userName as userName4_3_1_, classroom2_.idClassroom as idClassr1_0_2_, classroom2_.classroomName as classroo2_0_2_, classroom2_.classroomNumber as classroo3_0_2_ from Mark_Student studentswi0_ inner join Student student1_ on studentswi0_.studentsWithMark_idStudent=student1_.idStudent left outer join Classroom classroom2_ on student1_.classroom_idClassroom=classroom2_.idClassroom where studentswi0_.studentMarks_idMark=?
</system-out>
  </testcase>
</testsuite>