<?xml version="1.0" encoding="UTF-8"?>
<testsuite name="com.jakub.ajamarks.services.showdataservices.MarkServiceIntegrationTest" time="2.952" tests="12" errors="0" skipped="0" failures="2">
  <properties>
[...]
</properties>
  <testcase name="getStudentsByGivenMarkNameTest" classname="com.jakub.ajamarks.services.showdataservices.MarkServiceIntegrationTest" time="0.247"/>
  <testcase name="updateByMarkValueTest" classname="com.jakub.ajamarks.services.showdataservices.MarkServiceIntegrationTest" time="0.192"/>
  <testcase name="getStudentsByGivenMarkValue_NoStudentsForGivenMarkVaslueTest" classname="com.jakub.ajamarks.services.showdataservices.MarkServiceIntegrationTest" time="0.297">
    <failure message="Expected exception: java.lang.NullPointerException" type="java.lang.AssertionError">java.lang.AssertionError: Expected exception: java.lang.NullPointerException
	at org.junit.internal.runners.statements.ExpectException.evaluate(ExpectException.java:32)
	at org.junit.internal.runners.statements.RunBefores.evaluate(RunBefores.java:26)
	at org.springframework.test.context.junit4.statements.RunBeforeTestMethodCallbacks.evaluate(RunBeforeTestMethodCallbacks.java:75)
	at org.springframework.test.context.junit4.statements.RunAfterTestMethodCallbacks.evaluate(RunAfterTestMethodCallbacks.java:86)
	at org.springframework.test.context.junit4.statements.SpringRepeat.evaluate(SpringRepeat.java:84)
	at org.junit.runners.ParentRunner.runLeaf(ParentRunner.java:325)
	at org.springframework.test.context.junit4.SpringJUnit4ClassRunner.runChild(SpringJUnit4ClassRunner.java:252)
	at org.springframework.test.context.junit4.SpringJUnit4ClassRunner.runChild(SpringJUnit4ClassRunner.java:94)
	at org.junit.runners.ParentRunner$3.run(ParentRunner.java:290)
	at org.junit.runners.ParentRunner$1.schedule(ParentRunner.java:71)
	at org.junit.runners.ParentRunner.runChildren(ParentRunner.java:288)
	at org.junit.runners.ParentRunner.access$000(ParentRunner.java:58)
	at org.junit.runners.ParentRunner$2.evaluate(ParentRunner.java:268)
	at org.springframework.test.context.junit4.statements.RunBeforeTestClassCallbacks.evaluate(RunBeforeTestClassCallbacks.java:61)
	at org.springframework.test.context.junit4.statements.RunAfterTestClassCallbacks.evaluate(RunAfterTestClassCallbacks.java:70)
	at org.junit.runners.ParentRunner.run(ParentRunner.java:363)
	at org.springframework.test.context.junit4.SpringJUnit4ClassRunner.run(SpringJUnit4ClassRunner.java:191)
	at org.apache.maven.surefire.junit4.JUnit4Provider.execute(JUnit4Provider.java:264)
	at org.apache.maven.surefire.junit4.JUnit4Provider.executeTestSet(JUnit4Provider.java:153)
	at org.apache.maven.surefire.junit4.JUnit4Provider.invoke(JUnit4Provider.java:124)
	at org.apache.maven.surefire.booter.ForkedBooter.invokeProviderInSameClassLoader(ForkedBooter.java:200)
	at org.apache.maven.surefire.booter.ForkedBooter.runSuitesInProcess(ForkedBooter.java:153)
	at org.apache.maven.surefire.booter.ForkedBooter.main(ForkedBooter.java:103)
</failure>
    <system-out>Hibernate: select next_val as id_val from hibernate_sequence for update
Hibernate: update hibernate_sequence set next_val= ? where next_val=?
Hibernate: select next_val as id_val from hibernate_sequence for update
Hibernate: update hibernate_sequence set next_val= ? where next_val=?
Hibernate: select next_val as id_val from hibernate_sequence for update
Hibernate: update hibernate_sequence set next_val= ? where next_val=?
Hibernate: select next_val as id_val from hibernate_sequence for update
Hibernate: update hibernate_sequence set next_val= ? where next_val=?
Hibernate: select next_val as id_val from hibernate_sequence for update
Hibernate: update hibernate_sequence set next_val= ? where next_val=?
Hibernate: select next_val as id_val from hibernate_sequence for update
Hibernate: update hibernate_sequence set next_val= ? where next_val=?
Hibernate: insert into Mark (markName, markValue, idMark) values (?, ?, ?)
Hibernate: insert into Mark (markName, markValue, idMark) values (?, ?, ?)
Hibernate: insert into Mark (markName, markValue, idMark) values (?, ?, ?)
Hibernate: insert into Classroom (classroomName, classroomNumber, idClassroom) values (?, ?, ?)
Hibernate: insert into Student (classroom_idClassroom, firstName, lastName, userName, idStudent) values (?, ?, ?, ?, ?)
Hibernate: insert into Student (classroom_idClassroom, firstName, lastName, userName, idStudent) values (?, ?, ?, ?, ?)
Hibernate: insert into Mark_Student (studentMarks_idMark, studentsWithMark_idStudent) values (?, ?)
Hibernate: insert into Mark_Student (studentMarks_idMark, studentsWithMark_idStudent) values (?, ?)
Hibernate: insert into Mark_Student (studentMarks_idMark, studentsWithMark_idStudent) values (?, ?)
Hibernate: select mark0_.idMark as idMark1_1_, mark0_.markName as markName2_1_, mark0_.markValue as markValu3_1_ from Mark mark0_ where mark0_.markValue=?
</system-out>
  </testcase>
  <testcase name="getAllTest" classname="com.jakub.ajamarks.services.showdataservices.MarkServiceIntegrationTest" time="0.44"/>
  <testcase name="saveMarkTest" classname="com.jakub.ajamarks.services.showdataservices.MarkServiceIntegrationTest" time="0.209"/>
  <testcase name="getStudentsByGivenMarkName_NoGivenMarkNameTest" classname="com.jakub.ajamarks.services.showdataservices.MarkServiceIntegrationTest" time="0.185"/>
  <testcase name="getByMarkNameTest" classname="com.jakub.ajamarks.services.showdataservices.MarkServiceIntegrationTest" time="0.185"/>
  <testcase name="getStudentsByGivenMarkValueTest" classname="com.jakub.ajamarks.services.showdataservices.MarkServiceIntegrationTest" time="0.208"/>
  <testcase name="getStudentsByGivenMarkName_NoStudentsForGivenMarkNameTest" classname="com.jakub.ajamarks.services.showdataservices.MarkServiceIntegrationTest" time="0.235"/>
  <testcase name="getStudentsByGivenMarkValue_NoGivenMarkVaslueTest" classname="com.jakub.ajamarks.services.showdataservices.MarkServiceIntegrationTest" time="0.227"/>
  <testcase name="getByMarkValueTest" classname="com.jakub.ajamarks.services.showdataservices.MarkServiceIntegrationTest" time="0.283"/>
  <testcase name="deleteTest" classname="com.jakub.ajamarks.services.showdataservices.MarkServiceIntegrationTest" time="0.244">
    <failure message="&#10;Expected: is &lt;3&gt;&#10;     but: was &lt;0&gt;" type="java.lang.AssertionError"><![CDATA[java.lang.AssertionError: 
Expected: is <3>
     but: was <0>
	at org.hamcrest.MatcherAssert.assertThat(MatcherAssert.java:20)
	at org.hamcrest.MatcherAssert.assertThat(MatcherAssert.java:8)
	at com.jakub.ajamarks.services.showdataservices.MarkServiceIntegrationTest.deleteTest(MarkServiceIntegrationTest.java:137)
]]></failure>
    <system-out>Hibernate: select next_val as id_val from hibernate_sequence for update
Hibernate: update hibernate_sequence set next_val= ? where next_val=?
Hibernate: select next_val as id_val from hibernate_sequence for update
Hibernate: update hibernate_sequence set next_val= ? where next_val=?
Hibernate: select next_val as id_val from hibernate_sequence for update
Hibernate: update hibernate_sequence set next_val= ? where next_val=?
Hibernate: select next_val as id_val from hibernate_sequence for update
Hibernate: update hibernate_sequence set next_val= ? where next_val=?
Hibernate: select next_val as id_val from hibernate_sequence for update
Hibernate: update hibernate_sequence set next_val= ? where next_val=?
Hibernate: select next_val as id_val from hibernate_sequence for update
Hibernate: update hibernate_sequence set next_val= ? where next_val=?
Hibernate: insert into Mark (markName, markValue, idMark) values (?, ?, ?)
Hibernate: insert into Mark (markName, markValue, idMark) values (?, ?, ?)
Hibernate: insert into Mark (markName, markValue, idMark) values (?, ?, ?)
Hibernate: insert into Classroom (classroomName, classroomNumber, idClassroom) values (?, ?, ?)
Hibernate: insert into Student (classroom_idClassroom, firstName, lastName, userName, idStudent) values (?, ?, ?, ?, ?)
Hibernate: insert into Student (classroom_idClassroom, firstName, lastName, userName, idStudent) values (?, ?, ?, ?, ?)
Hibernate: insert into Mark_Student (studentMarks_idMark, studentsWithMark_idStudent) values (?, ?)
Hibernate: insert into Mark_Student (studentMarks_idMark, studentsWithMark_idStudent) values (?, ?)
Hibernate: insert into Mark_Student (studentMarks_idMark, studentsWithMark_idStudent) values (?, ?)
Hibernate: select mark0_.idMark as idMark1_1_, mark0_.markName as markName2_1_, mark0_.markValue as markValu3_1_ from Mark mark0_
</system-out>
  </testcase>
</testsuite>