<?xml version="1.0" encoding="UTF-8"?>
<testsuite name="com.jakub.ajamarks.services.showdataservices.ClassroomServiceIntegrationTest" time="2.149" tests="13" errors="1" skipped="0" failures="0">
  <properties>
[...]
</properties>
  <testcase name="getClassroomStudentsByClassroomNumber_NoStudentsForGivenClassroomNumberTest" classname="com.jakub.ajamarks.services.showdataservices.ClassroomServiceIntegrationTest" time="0.218"/>
  <testcase name="saveClassroomTest" classname="com.jakub.ajamarks.services.showdataservices.ClassroomServiceIntegrationTest" time="0.308"/>
  <testcase name="getClassroomByIdTest" classname="com.jakub.ajamarks.services.showdataservices.ClassroomServiceIntegrationTest" time="0.079"/>
  <testcase name="getClassroomStudentsByClassroomNumberTest" classname="com.jakub.ajamarks.services.showdataservices.ClassroomServiceIntegrationTest" time="0.087"/>
  <testcase name="getClassroomByNumberTest" classname="com.jakub.ajamarks.services.showdataservices.ClassroomServiceIntegrationTest" time="0.084"/>
  <testcase name="getClassroomByName" classname="com.jakub.ajamarks.services.showdataservices.ClassroomServiceIntegrationTest" time="0.584"/>
  <testcase name="getClassroomStudentsByClassroomName_NoStudentsForGivenClassroomNameTest" classname="com.jakub.ajamarks.services.showdataservices.ClassroomServiceIntegrationTest" time="0.117"/>
  <testcase name="getClassroomStudentsByClassroomName_NoGivenClassroomNameTest" classname="com.jakub.ajamarks.services.showdataservices.ClassroomServiceIntegrationTest" time="0.09"/>
  <testcase name="updateClassroomTest" classname="com.jakub.ajamarks.services.showdataservices.ClassroomServiceIntegrationTest" time="0.083"/>
  <testcase name="getClassroomStudentsByClassroomNameTest" classname="com.jakub.ajamarks.services.showdataservices.ClassroomServiceIntegrationTest" time="0.083"/>
  <testcase name="deleteTest" classname="com.jakub.ajamarks.services.showdataservices.ClassroomServiceIntegrationTest" time="0.192"/>
  <testcase name="getClassroomStudentsByClassroomNumber_NoGivenClassroomNumberTest" classname="com.jakub.ajamarks.services.showdataservices.ClassroomServiceIntegrationTest" time="0.118">
    <error message="Unexpected exception, expected&lt;java.lang.NullPointerException&gt; but was&lt;org.springframework.dao.DataIntegrityViolationException&gt;" type="java.lang.Exception"><![CDATA[java.lang.Exception: Unexpected exception, expected<java.lang.NullPointerException> but was<org.springframework.dao.DataIntegrityViolationException>
	at sun.reflect.NativeConstructorAccessorImpl.newInstance0(Native Method)
	at sun.reflect.NativeConstructorAccessorImpl.newInstance(NativeConstructorAccessorImpl.java:62)
	at sun.reflect.DelegatingConstructorAccessorImpl.newInstance(DelegatingConstructorAccessorImpl.java:45)
	at java.lang.reflect.Constructor.newInstance(Constructor.java:423)
	at com.mysql.jdbc.Util.handleNewInstance(Util.java:411)
	at com.mysql.jdbc.Util.getInstance(Util.java:386)
	at com.mysql.jdbc.SQLError.createSQLException(SQLError.java:1039)
	at com.mysql.jdbc.MysqlIO.checkErrorPacket(MysqlIO.java:4098)
	at com.mysql.jdbc.MysqlIO.checkErrorPacket(MysqlIO.java:4030)
	at com.mysql.jdbc.MysqlIO.sendCommand(MysqlIO.java:2490)
	at com.mysql.jdbc.MysqlIO.sqlQueryDirect(MysqlIO.java:2651)
	at com.mysql.jdbc.ConnectionImpl.execSQL(ConnectionImpl.java:2677)
	at com.mysql.jdbc.PreparedStatement.executeInternal(PreparedStatement.java:2134)
	at com.mysql.jdbc.PreparedStatement.executeUpdate(PreparedStatement.java:2434)
	at com.mysql.jdbc.PreparedStatement.executeUpdate(PreparedStatement.java:2352)
	at com.mysql.jdbc.PreparedStatement.executeUpdate(PreparedStatement.java:2337)
	at org.hibernate.engine.jdbc.internal.ResultSetReturnImpl.executeUpdate(ResultSetReturnImpl.java:204)
	at org.hibernate.engine.jdbc.batch.internal.NonBatchingBatch.addToBatch(NonBatchingBatch.java:45)
	at org.hibernate.persister.entity.AbstractEntityPersister.delete(AbstractEntityPersister.java:3246)
	at org.hibernate.persister.entity.AbstractEntityPersister.delete(AbstractEntityPersister.java:3483)
	at org.hibernate.action.internal.EntityDeleteAction.execute(EntityDeleteAction.java:99)
	at org.hibernate.engine.spi.ActionQueue.executeActions(ActionQueue.java:582)
	at org.hibernate.engine.spi.ActionQueue.executeActions(ActionQueue.java:456)
	at org.hibernate.event.internal.AbstractFlushingEventListener.performExecutions(AbstractFlushingEventListener.java:337)
	at org.hibernate.event.internal.DefaultAutoFlushEventListener.onAutoFlush(DefaultAutoFlushEventListener.java:50)
	at org.hibernate.internal.SessionImpl.autoFlushIfRequired(SessionImpl.java:1361)
	at org.hibernate.internal.SessionImpl.list(SessionImpl.java:1443)
	at org.hibernate.query.internal.AbstractProducedQuery.doList(AbstractProducedQuery.java:1402)
	at org.hibernate.query.internal.AbstractProducedQuery.list(AbstractProducedQuery.java:1374)
	at org.hibernate.query.internal.AbstractProducedQuery.getSingleResult(AbstractProducedQuery.java:1420)
	at org.hibernate.query.criteria.internal.compile.CriteriaQueryTypeQueryAdapter.getSingleResult(CriteriaQueryTypeQueryAdapter.java:59)
	at org.springframework.data.jpa.repository.query.JpaQueryExecution$SingleEntityExecution.doExecute(JpaQueryExecution.java:210)
	at org.springframework.data.jpa.repository.query.JpaQueryExecution.execute(JpaQueryExecution.java:82)
	at org.springframework.data.jpa.repository.query.AbstractJpaQuery.doExecute(AbstractJpaQuery.java:114)
	at org.springframework.data.jpa.repository.query.AbstractJpaQuery.execute(AbstractJpaQuery.java:104)
	at org.springframework.data.repository.core.support.RepositoryFactorySupport$QueryExecutorMethodInterceptor.doInvoke(RepositoryFactorySupport.java:482)
	at org.springframework.data.repository.core.support.RepositoryFactorySupport$QueryExecutorMethodInterceptor.invoke(RepositoryFactorySupport.java:460)
	at org.springframework.aop.framework.ReflectiveMethodInvocation.proceed(ReflectiveMethodInvocation.java:179)
	at org.springframework.data.projection.DefaultMethodInvokingMethodInterceptor.invoke(DefaultMethodInvokingMethodInterceptor.java:61)
	at org.springframework.aop.framework.ReflectiveMethodInvocation.proceed(ReflectiveMethodInvocation.java:179)
	at org.springframework.transaction.interceptor.TransactionInterceptor$1.proceedWithInvocation(TransactionInterceptor.java:99)
	at org.springframework.transaction.interceptor.TransactionAspectSupport.invokeWithinTransaction(TransactionAspectSupport.java:281)
	at org.springframework.transaction.interceptor.TransactionInterceptor.invoke(TransactionInterceptor.java:96)
	at org.springframework.aop.framework.ReflectiveMethodInvocation.proceed(ReflectiveMethodInvocation.java:179)
	at org.springframework.dao.support.PersistenceExceptionTranslationInterceptor.invoke(PersistenceExceptionTranslationInterceptor.java:136)
	at org.springframework.aop.framework.ReflectiveMethodInvocation.proceed(ReflectiveMethodInvocation.java:179)
	at org.springframework.data.jpa.repository.support.CrudMethodMetadataPostProcessor$CrudMethodMetadataPopulatingMethodInterceptor.invoke(CrudMethodMetadataPostProcessor.java:133)
	at org.springframework.aop.framework.ReflectiveMethodInvocation.proceed(ReflectiveMethodInvocation.java:179)
	at org.springframework.aop.interceptor.ExposeInvocationInterceptor.invoke(ExposeInvocationInterceptor.java:92)
	at org.springframework.aop.framework.ReflectiveMethodInvocation.proceed(ReflectiveMethodInvocation.java:179)
	at org.springframework.aop.framework.JdkDynamicAopProxy.invoke(JdkDynamicAopProxy.java:213)
	at com.sun.proxy.$Proxy51.findByClassroomNumber(Unknown Source)
	at com.jakub.ajamarks.services.showdataservices.ClassroomServiceImpl.getClassroomStudentsByClassroomNumber(ClassroomServiceImpl.java:67)
	at sun.reflect.NativeMethodAccessorImpl.invoke0(Native Method)
	at sun.reflect.NativeMethodAccessorImpl.invoke(NativeMethodAccessorImpl.java:62)
	at sun.reflect.DelegatingMethodAccessorImpl.invoke(DelegatingMethodAccessorImpl.java:43)
	at java.lang.reflect.Method.invoke(Method.java:498)
	at org.springframework.aop.support.AopUtils.invokeJoinpointUsingReflection(AopUtils.java:333)
	at org.springframework.aop.framework.ReflectiveMethodInvocation.invokeJoinpoint(ReflectiveMethodInvocation.java:190)
	at org.springframework.aop.framework.ReflectiveMethodInvocation.proceed(ReflectiveMethodInvocation.java:157)
	at org.springframework.transaction.interceptor.TransactionInterceptor$1.proceedWithInvocation(TransactionInterceptor.java:99)
	at org.springframework.transaction.interceptor.TransactionAspectSupport.invokeWithinTransaction(TransactionAspectSupport.java:281)
	at org.springframework.transaction.interceptor.TransactionInterceptor.invoke(TransactionInterceptor.java:96)
	at org.springframework.aop.framework.ReflectiveMethodInvocation.proceed(ReflectiveMethodInvocation.java:179)
	at org.springframework.aop.framework.JdkDynamicAopProxy.invoke(JdkDynamicAopProxy.java:213)
	at com.sun.proxy.$Proxy53.getClassroomStudentsByClassroomNumber(Unknown Source)
	at com.jakub.ajamarks.services.showdataservices.ClassroomServiceIntegrationTest.getClassroomStudentsByClassroomNumber_NoGivenClassroomNumberTest(ClassroomServiceIntegrationTest.java:163)
]]></error>
    <system-out>Hibernate: select next_val as id_val from hibernate_sequence for update
Hibernate: update hibernate_sequence set next_val= ? where next_val=?
Hibernate: select next_val as id_val from hibernate_sequence for update
Hibernate: update hibernate_sequence set next_val= ? where next_val=?
Hibernate: select classroom0_.idClassroom as idClassr1_0_0_, classroom0_.classroomName as classroo2_0_0_, classroom0_.classroomNumber as classroo3_0_0_, studentsin1_.classroom_idClassroom as classroo5_3_1_, studentsin1_.idStudent as idStuden1_3_1_, studentsin1_.idStudent as idStuden1_3_2_, studentsin1_.classroom_idClassroom as classroo5_3_2_, studentsin1_.firstName as firstNam2_3_2_, studentsin1_.lastName as lastName3_3_2_, studentsin1_.userName as userName4_3_2_, studentmar2_.studentsWithMark_idStudent as students2_2_3_, mark3_.idMark as studentM1_2_3_, mark3_.idMark as idMark1_1_4_, mark3_.markName as markName2_1_4_, mark3_.markValue as markValu3_1_4_ from Classroom classroom0_ left outer join Student studentsin1_ on classroom0_.idClassroom=studentsin1_.classroom_idClassroom left outer join Mark_Student studentmar2_ on studentsin1_.idStudent=studentmar2_.studentsWithMark_idStudent left outer join Mark mark3_ on studentmar2_.studentMarks_idMark=mark3_.idMark where classroom0_.idClassroom=?
Hibernate: select studentswi0_.studentMarks_idMark as studentM1_2_0_, studentswi0_.studentsWithMark_idStudent as students2_2_0_, student1_.idStudent as idStuden1_3_1_, student1_.classroom_idClassroom as classroo5_3_1_, student1_.firstName as firstNam2_3_1_, student1_.lastName as lastName3_3_1_, student1_.userName as userName4_3_1_, classroom2_.idClassroom as idClassr1_0_2_, classroom2_.classroomName as classroo2_0_2_, classroom2_.classroomNumber as classroo3_0_2_ from Mark_Student studentswi0_ inner join Student student1_ on studentswi0_.studentsWithMark_idStudent=student1_.idStudent left outer join Classroom classroom2_ on student1_.classroom_idClassroom=classroom2_.idClassroom where studentswi0_.studentMarks_idMark=?
Hibernate: insert into Classroom (classroomName, classroomNumber, idClassroom) values (?, ?, ?)
Hibernate: insert into Student (classroom_idClassroom, firstName, lastName, userName, idStudent) values (?, ?, ?, ?, ?)
Hibernate: delete from Classroom where idClassroom=?
00:28:06.616 [main] ERROR o.h.e.j.s.SqlExceptionHelper - Cannot delete or update a parent row: a foreign key constraint fails (`markstest`.`Student`, CONSTRAINT `FKtcmv23dul20y0s7po3do3a7og` FOREIGN KEY (`classroom_idClassroom`) REFERENCES `Classroom` (`idClassroom`))
</system-out>
  </testcase>
  <testcase name="getAllByClassroomNameAscTest" classname="com.jakub.ajamarks.services.showdataservices.ClassroomServiceIntegrationTest" time="0.106"/>
</testsuite>