<?xml version="1.0" encoding="UTF-8"?>
<testsuite name="com.jakub.ajamarks.services.showdataservices.ClassroomServiceIntegrationTest" time="1.376" tests="13" errors="1" skipped="0" failures="3">
  <properties>
[...]
</properties>
  <testcase name="getClassroomStudentsByClassroomNumber_NoStudentsForGivenClassroomNumberTest" classname="com.jakub.ajamarks.services.showdataservices.ClassroomServiceIntegrationTest" time="0.086"/>
  <testcase name="saveClassroomTest" classname="com.jakub.ajamarks.services.showdataservices.ClassroomServiceIntegrationTest" time="0.218">
    <failure message="&#10;Expected: is &lt;2&gt;&#10;     but: was &lt;3&gt;" type="java.lang.AssertionError"><![CDATA[java.lang.AssertionError: 
Expected: is <2>
     but: was <3>
	at org.hamcrest.MatcherAssert.assertThat(MatcherAssert.java:20)
	at org.hamcrest.MatcherAssert.assertThat(MatcherAssert.java:8)
	at com.jakub.ajamarks.services.showdataservices.ClassroomServiceIntegrationTest.saveClassroomTest(ClassroomServiceIntegrationTest.java:70)
]]></failure>
    <system-out>Hibernate: 
    select
        next_val as id_val 
    from
        hibernate_sequence for update
            
Hibernate: 
    update
        hibernate_sequence 
    set
        next_val= ? 
    where
        next_val=?
Hibernate: 
    select
        next_val as id_val 
    from
        hibernate_sequence for update
            
Hibernate: 
    update
        hibernate_sequence 
    set
        next_val= ? 
    where
        next_val=?
Hibernate: 
    select
        next_val as id_val 
    from
        hibernate_sequence for update
            
Hibernate: 
    update
        hibernate_sequence 
    set
        next_val= ? 
    where
        next_val=?
Hibernate: 
    insert 
    into
        Classroom
        (classroomName, classroomNumber, idClassroom) 
    values
        (?, ?, ?)
Hibernate: 
    insert 
    into
        Student
        (classroom_idClassroom, firstName, lastName, userName, idStudent) 
    values
        (?, ?, ?, ?, ?)
Hibernate: 
    insert 
    into
        Classroom
        (classroomName, classroomNumber, idClassroom) 
    values
        (?, ?, ?)
Hibernate: 
    select
        classroom0_.idClassroom as idClassr1_0_,
        classroom0_.classroomName as classroo2_0_,
        classroom0_.classroomNumber as classroo3_0_ 
    from
        Classroom classroom0_ 
    order by
        classroom0_.classroomName asc
</system-out>
  </testcase>
  <testcase name="getClassroomByIdTest" classname="com.jakub.ajamarks.services.showdataservices.ClassroomServiceIntegrationTest" time="0.067"/>
  <testcase name="getClassroomStudentsByClassroomNumberTest" classname="com.jakub.ajamarks.services.showdataservices.ClassroomServiceIntegrationTest" time="0.089"/>
  <testcase name="getClassroomByNumberTest" classname="com.jakub.ajamarks.services.showdataservices.ClassroomServiceIntegrationTest" time="0.083"/>
  <testcase name="getClassroomByName" classname="com.jakub.ajamarks.services.showdataservices.ClassroomServiceIntegrationTest" time="0.083"/>
  <testcase name="getClassroomStudentsByClassroomName_NoStudentsForGivenClassroomNameTest" classname="com.jakub.ajamarks.services.showdataservices.ClassroomServiceIntegrationTest" time="0.084"/>
  <testcase name="getClassroomStudentsByClassroomName_NoGivenClassroomNameTest" classname="com.jakub.ajamarks.services.showdataservices.ClassroomServiceIntegrationTest" time="0.1"/>
  <testcase name="updateClassroomTest" classname="com.jakub.ajamarks.services.showdataservices.ClassroomServiceIntegrationTest" time="0.108"/>
  <testcase name="getClassroomStudentsByClassroomNameTest" classname="com.jakub.ajamarks.services.showdataservices.ClassroomServiceIntegrationTest" time="0.108"/>
  <testcase name="deleteTest" classname="com.jakub.ajamarks.services.showdataservices.ClassroomServiceIntegrationTest" time="0.183">
    <failure message="&#10;Expected: is &lt;2&gt;&#10;     but: was &lt;3&gt;" type="java.lang.AssertionError"><![CDATA[java.lang.AssertionError: 
Expected: is <2>
     but: was <3>
	at org.hamcrest.MatcherAssert.assertThat(MatcherAssert.java:20)
	at org.hamcrest.MatcherAssert.assertThat(MatcherAssert.java:8)
	at com.jakub.ajamarks.services.showdataservices.ClassroomServiceIntegrationTest.deleteTest(ClassroomServiceIntegrationTest.java:99)
]]></failure>
    <system-out>Hibernate: 
    select
        next_val as id_val 
    from
        hibernate_sequence for update
            
Hibernate: 
    update
        hibernate_sequence 
    set
        next_val= ? 
    where
        next_val=?
Hibernate: 
    select
        next_val as id_val 
    from
        hibernate_sequence for update
            
Hibernate: 
    update
        hibernate_sequence 
    set
        next_val= ? 
    where
        next_val=?
Hibernate: 
    select
        next_val as id_val 
    from
        hibernate_sequence for update
            
Hibernate: 
    update
        hibernate_sequence 
    set
        next_val= ? 
    where
        next_val=?
Hibernate: 
    insert 
    into
        Classroom
        (classroomName, classroomNumber, idClassroom) 
    values
        (?, ?, ?)
Hibernate: 
    insert 
    into
        Student
        (classroom_idClassroom, firstName, lastName, userName, idStudent) 
    values
        (?, ?, ?, ?, ?)
Hibernate: 
    insert 
    into
        Classroom
        (classroomName, classroomNumber, idClassroom) 
    values
        (?, ?, ?)
Hibernate: 
    select
        classroom0_.idClassroom as idClassr1_0_,
        classroom0_.classroomName as classroo2_0_,
        classroom0_.classroomNumber as classroo3_0_ 
    from
        Classroom classroom0_ 
    order by
        classroom0_.classroomName asc
</system-out>
  </testcase>
  <testcase name="getClassroomStudentsByClassroomNumber_NoGivenClassroomNumberTest" classname="com.jakub.ajamarks.services.showdataservices.ClassroomServiceIntegrationTest" time="0.073">
    <error message="Unexpected exception, expected&lt;java.lang.NullPointerException&gt; but was&lt;java.lang.IllegalArgumentException&gt;" type="java.lang.Exception"><![CDATA[java.lang.Exception: Unexpected exception, expected<java.lang.NullPointerException> but was<java.lang.IllegalArgumentException>
	at com.google.common.base.Preconditions.checkArgument(Preconditions.java:122)
	at com.jakub.ajamarks.services.showdataservices.ClassroomServiceImpl.delete(ClassroomServiceImpl.java:32)
	at sun.reflect.NativeMethodAccessorImpl.invoke0(Native Method)
	at sun.reflect.NativeMethodAccessorImpl.invoke(NativeMethodAccessorImpl.java:62)
	at sun.reflect.DelegatingMethodAccessorImpl.invoke(DelegatingMethodAccessorImpl.java:43)
	at java.lang.reflect.Method.invoke(Method.java:498)
	at org.springframework.aop.support.AopUtils.invokeJoinpointUsingReflection(AopUtils.java:333)
	at org.springframework.aop.framework.ReflectiveMethodInvocation.invokeJoinpoint(ReflectiveMethodInvocation.java:190)
	at org.springframework.aop.framework.ReflectiveMethodInvocation.proceed(ReflectiveMethodInvocation.java:157)
	at org.springframework.transaction.interceptor.TransactionInterceptor$1.proceedWithInvocation(TransactionInterceptor.java:99)
	at org.springframework.transaction.interceptor.TransactionAspectSupport.invokeWithinTransaction(TransactionAspectSupport.java:281)
	at org.springframework.transaction.interceptor.TransactionInterceptor.invoke(TransactionInterceptor.java:96)
	at org.springframework.aop.framework.ReflectiveMethodInvocation.proceed(ReflectiveMethodInvocation.java:179)
	at org.springframework.aop.framework.JdkDynamicAopProxy.invoke(JdkDynamicAopProxy.java:213)
	at com.sun.proxy.$Proxy53.delete(Unknown Source)
	at com.jakub.ajamarks.services.showdataservices.ClassroomServiceIntegrationTest.getClassroomStudentsByClassroomNumber_NoGivenClassroomNumberTest(ClassroomServiceIntegrationTest.java:161)
]]></error>
    <system-out>Hibernate: 
    select
        next_val as id_val 
    from
        hibernate_sequence for update
            
Hibernate: 
    update
        hibernate_sequence 
    set
        next_val= ? 
    where
        next_val=?
Hibernate: 
    select
        next_val as id_val 
    from
        hibernate_sequence for update
            
Hibernate: 
    update
        hibernate_sequence 
    set
        next_val= ? 
    where
        next_val=?
Hibernate: 
    select
        classroom0_.idClassroom as idClassr1_0_0_,
        classroom0_.classroomName as classroo2_0_0_,
        classroom0_.classroomNumber as classroo3_0_0_,
        studentsin1_.classroom_idClassroom as classroo5_3_1_,
        studentsin1_.idStudent as idStuden1_3_1_,
        studentsin1_.idStudent as idStuden1_3_2_,
        studentsin1_.classroom_idClassroom as classroo5_3_2_,
        studentsin1_.firstName as firstNam2_3_2_,
        studentsin1_.lastName as lastName3_3_2_,
        studentsin1_.userName as userName4_3_2_,
        studentmar2_.studentsWithMark_idStudent as students2_2_3_,
        mark3_.idMark as studentM1_2_3_,
        mark3_.idMark as idMark1_1_4_,
        mark3_.markName as markName2_1_4_,
        mark3_.markValue as markValu3_1_4_ 
    from
        Classroom classroom0_ 
    left outer join
        Student studentsin1_ 
            on classroom0_.idClassroom=studentsin1_.classroom_idClassroom 
    left outer join
        Mark_Student studentmar2_ 
            on studentsin1_.idStudent=studentmar2_.studentsWithMark_idStudent 
    left outer join
        Mark mark3_ 
            on studentmar2_.studentMarks_idMark=mark3_.idMark 
    where
        classroom0_.idClassroom=?
</system-out>
  </testcase>
  <testcase name="getAllByClassroomNameAscTest" classname="com.jakub.ajamarks.services.showdataservices.ClassroomServiceIntegrationTest" time="0.094">
    <failure message="&#10;Expected: is &lt;1&gt;&#10;     but: was &lt;2&gt;" type="java.lang.AssertionError"><![CDATA[java.lang.AssertionError: 
Expected: is <1>
     but: was <2>
	at org.hamcrest.MatcherAssert.assertThat(MatcherAssert.java:20)
	at org.hamcrest.MatcherAssert.assertThat(MatcherAssert.java:8)
	at com.jakub.ajamarks.services.showdataservices.ClassroomServiceIntegrationTest.getAllByClassroomNameAscTest(ClassroomServiceIntegrationTest.java:111)
]]></failure>
    <system-out>Hibernate: 
    select
        next_val as id_val 
    from
        hibernate_sequence for update
            
Hibernate: 
    update
        hibernate_sequence 
    set
        next_val= ? 
    where
        next_val=?
Hibernate: 
    select
        next_val as id_val 
    from
        hibernate_sequence for update
            
Hibernate: 
    update
        hibernate_sequence 
    set
        next_val= ? 
    where
        next_val=?
Hibernate: 
    insert 
    into
        Classroom
        (classroomName, classroomNumber, idClassroom) 
    values
        (?, ?, ?)
Hibernate: 
    insert 
    into
        Student
        (classroom_idClassroom, firstName, lastName, userName, idStudent) 
    values
        (?, ?, ?, ?, ?)
Hibernate: 
    select
        classroom0_.idClassroom as idClassr1_0_,
        classroom0_.classroomName as classroo2_0_,
        classroom0_.classroomNumber as classroo3_0_ 
    from
        Classroom classroom0_ 
    order by
        classroom0_.classroomName asc
</system-out>
  </testcase>
</testsuite>