<?xml version="1.0" encoding="UTF-8"?>
<!-- Generated by org.testng.reporters.JUnitXMLReporter -->
<testsuite hostname="ja-Vostro-260" name="Surefire test" tests="71" failures="0" timestamp="24 Jan 2017 09:54:12 GMT" time="21.254" errors="0">
  <testcase name="countQuantityOfEachMarkForSchoolTest on countQuantityOfEachMarkForSchoolTest(com.jakub.ajamarks.services.statisticservices.StatisticServiceIntegrationTest)" time="0.78" classname="com.jakub.ajamarks.services.statisticservices.StatisticServiceIntegrationTest"/>
  <testcase name="isStudentAverageHigherThenInClassroomTest on isStudentAverageHigherThenInClassroomTest(com.jakub.ajamarks.services.statisticservices.StatisticServiceIntegrationTest)" time="1.06" classname="com.jakub.ajamarks.services.statisticservices.StatisticServiceIntegrationTest"/>
  <testcase name="isStudentAverageHigherThenInAchoolTest on isStudentAverageHigherThenInAchoolTest(com.jakub.ajamarks.services.statisticservices.StatisticServiceIntegrationTest)" time="0.435" classname="com.jakub.ajamarks.services.statisticservices.StatisticServiceIntegrationTest"/>
  <testcase name="countAverageMarkForSchoolTest on countAverageMarkForSchoolTest(com.jakub.ajamarks.services.statisticservices.StatisticServiceIntegrationTest)" time="0.385" classname="com.jakub.ajamarks.services.statisticservices.StatisticServiceIntegrationTest"/>
  <testcase name="getStudentsAboveStudentAverageTest on getStudentsAboveStudentAverageTest(com.jakub.ajamarks.services.statisticservices.StatisticServiceIntegrationTest)" time="0.586" classname="com.jakub.ajamarks.services.statisticservices.StatisticServiceIntegrationTest"/>
  <testcase name="countAverageMarkForUser_WithNoMarksTest on countAverageMarkForUser_WithNoMarksTest(com.jakub.ajamarks.services.statisticservices.StatisticServiceIntegrationTest)" time="0.548" classname="com.jakub.ajamarks.services.statisticservices.StatisticServiceIntegrationTest"/>
  <testcase name="countAverageMarkForUserTest on countAverageMarkForUserTest(com.jakub.ajamarks.services.statisticservices.StatisticServiceIntegrationTest)" time="0.548" classname="com.jakub.ajamarks.services.statisticservices.StatisticServiceIntegrationTest"/>
  <testcase name="countHowManyStudentsAboveStudentAverageTest on countHowManyStudentsAboveStudentAverageTest(com.jakub.ajamarks.services.statisticservices.StatisticServiceIntegrationTest)" time="0.502" classname="com.jakub.ajamarks.services.statisticservices.StatisticServiceIntegrationTest"/>
  <testcase name="countHowManyStudentsAboveSchoolAverageTest on countHowManyStudentsAboveSchoolAverageTest(com.jakub.ajamarks.services.statisticservices.StatisticServiceIntegrationTest)" time="0.42" classname="com.jakub.ajamarks.services.statisticservices.StatisticServiceIntegrationTest"/>
  <testcase name="sortStudentsByAverageAscTest on sortStudentsByAverageAscTest(com.jakub.ajamarks.services.statisticservices.StatisticServiceIntegrationTest)" time="1.194" classname="com.jakub.ajamarks.services.statisticservices.StatisticServiceIntegrationTest"/>
  <testcase name="countAverageMarkForClassroomTest on countAverageMarkForClassroomTest(com.jakub.ajamarks.services.statisticservices.StatisticServiceIntegrationTest)" time="0.493" classname="com.jakub.ajamarks.services.statisticservices.StatisticServiceIntegrationTest"/>
  <testcase name="getFromClassroomMarkStudentListMapTest on getFromClassroomMarkStudentListMapTest(com.jakub.ajamarks.services.statisticservices.StatisticServiceIntegrationTest)" time="0.412" classname="com.jakub.ajamarks.services.statisticservices.StatisticServiceIntegrationTest"/>
  <testcase name="getFromSchoolMarkStudentListMapTest on getFromSchoolMarkStudentListMapTest(com.jakub.ajamarks.services.statisticservices.StatisticServiceIntegrationTest)" time="0.51" classname="com.jakub.ajamarks.services.statisticservices.StatisticServiceIntegrationTest"/>
  <testcase name="getStudentsAboveSchoolAverageTest on getStudentsAboveSchoolAverageTest(com.jakub.ajamarks.services.statisticservices.StatisticServiceIntegrationTest)" time="0.452" classname="com.jakub.ajamarks.services.statisticservices.StatisticServiceIntegrationTest"/>
  <testcase name="getStudentsByGivenMarkNameTest on getStudentsByGivenMarkNameTest(com.jakub.ajamarks.services.showdataservices.MarkServiceIntegrationTest)" time="0.248" classname="com.jakub.ajamarks.services.showdataservices.MarkServiceIntegrationTest"/>
  <testcase name="updateByMarkValueTest on updateByMarkValueTest(com.jakub.ajamarks.services.showdataservices.MarkServiceIntegrationTest)" time="0.142" classname="com.jakub.ajamarks.services.showdataservices.MarkServiceIntegrationTest"/>
  <testcase name="getStudentsByGivenMarkValue_NoStudentsForGivenMarkVaslueTest on getStudentsByGivenMarkValue_NoStudentsForGivenMarkVaslueTest(com.jakub.ajamarks.services.showdataservices.MarkServiceIntegrationTest)" time="0.134" classname="com.jakub.ajamarks.services.showdataservices.MarkServiceIntegrationTest"/>
  <testcase name="getAllTest on getAllTest(com.jakub.ajamarks.services.showdataservices.MarkServiceIntegrationTest)" time="0.16" classname="com.jakub.ajamarks.services.showdataservices.MarkServiceIntegrationTest"/>
  <testcase name="saveMarkTest on saveMarkTest(com.jakub.ajamarks.services.showdataservices.MarkServiceIntegrationTest)" time="0.167" classname="com.jakub.ajamarks.services.showdataservices.MarkServiceIntegrationTest"/>
  <testcase name="getStudentsByGivenMarkName_NoGivenMarkNameTest on getStudentsByGivenMarkName_NoGivenMarkNameTest(com.jakub.ajamarks.services.showdataservices.MarkServiceIntegrationTest)" time="0.142" classname="com.jakub.ajamarks.services.showdataservices.MarkServiceIntegrationTest"/>
  <testcase name="getByMarkNameTest on getByMarkNameTest(com.jakub.ajamarks.services.showdataservices.MarkServiceIntegrationTest)" time="0.133" classname="com.jakub.ajamarks.services.showdataservices.MarkServiceIntegrationTest"/>
  <testcase name="getStudentsByGivenMarkValueTest on getStudentsByGivenMarkValueTest(com.jakub.ajamarks.services.showdataservices.MarkServiceIntegrationTest)" time="0.167" classname="com.jakub.ajamarks.services.showdataservices.MarkServiceIntegrationTest"/>
  <testcase name="getStudentsByGivenMarkName_NoStudentsForGivenMarkNameTest on getStudentsByGivenMarkName_NoStudentsForGivenMarkNameTest(com.jakub.ajamarks.services.showdataservices.MarkServiceIntegrationTest)" time="0.142" classname="com.jakub.ajamarks.services.showdataservices.MarkServiceIntegrationTest"/>
  <testcase name="getStudentsByGivenMarkValue_NoGivenMarkVaslueTest on getStudentsByGivenMarkValue_NoGivenMarkVaslueTest(com.jakub.ajamarks.services.showdataservices.MarkServiceIntegrationTest)" time="0.133" classname="com.jakub.ajamarks.services.showdataservices.MarkServiceIntegrationTest"/>
  <testcase name="getByMarkValueTest on getByMarkValueTest(com.jakub.ajamarks.services.showdataservices.MarkServiceIntegrationTest)" time="0.133" classname="com.jakub.ajamarks.services.showdataservices.MarkServiceIntegrationTest"/>
  <testcase name="deleteTest on deleteTest(com.jakub.ajamarks.services.showdataservices.MarkServiceIntegrationTest)" time="0.158" classname="com.jakub.ajamarks.services.showdataservices.MarkServiceIntegrationTest"/>
  <testcase name="getClassroomStudentsByClassroomNumber_NoStudentsTest on getClassroomStudentsByClassroomNumber_NoStudentsTest(com.jakub.ajamarks.services.showdataservices.ClassroomServiceImplTest)" time="0.013" classname="com.jakub.ajamarks.services.showdataservices.ClassroomServiceImplTest"/>
  <testcase name="saveClassroomTest on saveClassroomTest(com.jakub.ajamarks.services.showdataservices.ClassroomServiceImplTest)" time="0.0" classname="com.jakub.ajamarks.services.showdataservices.ClassroomServiceImplTest"/>
  <testcase name="getClassroomByIdTest on getClassroomByIdTest(com.jakub.ajamarks.services.showdataservices.ClassroomServiceImplTest)" time="0.001" classname="com.jakub.ajamarks.services.showdataservices.ClassroomServiceImplTest"/>
  <testcase name="delete_IllegalArgumentExceptionTest on delete_IllegalArgumentExceptionTest(com.jakub.ajamarks.services.showdataservices.ClassroomServiceImplTest)" time="0.0" classname="com.jakub.ajamarks.services.showdataservices.ClassroomServiceImplTest"/>
  <testcase name="getClassroomStudentsByClassroomNumberTest on getClassroomStudentsByClassroomNumberTest(com.jakub.ajamarks.services.showdataservices.ClassroomServiceImplTest)" time="0.001" classname="com.jakub.ajamarks.services.showdataservices.ClassroomServiceImplTest"/>
  <testcase name="getClassroomByNumberTest on getClassroomByNumberTest(com.jakub.ajamarks.services.showdataservices.ClassroomServiceImplTest)" time="0.0" classname="com.jakub.ajamarks.services.showdataservices.ClassroomServiceImplTest"/>
  <testcase name="getClassroomStudentsByClassroomNumber_IllegalArgumentExceptionTest on getClassroomStudentsByClassroomNumber_IllegalArgumentExceptionTest(com.jakub.ajamarks.services.showdataservices.ClassroomServiceImplTest)" time="0.0" classname="com.jakub.ajamarks.services.showdataservices.ClassroomServiceImplTest"/>
  <testcase name="getClassroomStudentsByClassroomName_NoStudentsTest on getClassroomStudentsByClassroomName_NoStudentsTest(com.jakub.ajamarks.services.showdataservices.ClassroomServiceImplTest)" time="0.001" classname="com.jakub.ajamarks.services.showdataservices.ClassroomServiceImplTest"/>
  <testcase name="saveClassroom_IllegalArgumentExceptionTest on saveClassroom_IllegalArgumentExceptionTest(com.jakub.ajamarks.services.showdataservices.ClassroomServiceImplTest)" time="0.0" classname="com.jakub.ajamarks.services.showdataservices.ClassroomServiceImplTest"/>
  <testcase name="updateTest on updateTest(com.jakub.ajamarks.services.showdataservices.ClassroomServiceImplTest)" time="0.0" classname="com.jakub.ajamarks.services.showdataservices.ClassroomServiceImplTest"/>
  <testcase name="getClassroomById_IllegalArgumentExceptionTest on getClassroomById_IllegalArgumentExceptionTest(com.jakub.ajamarks.services.showdataservices.ClassroomServiceImplTest)" time="0.001" classname="com.jakub.ajamarks.services.showdataservices.ClassroomServiceImplTest"/>
  <testcase name="getClassroomStudentsByClassroomName_IllegalArgumentExceptionTest on getClassroomStudentsByClassroomName_IllegalArgumentExceptionTest(com.jakub.ajamarks.services.showdataservices.ClassroomServiceImplTest)" time="0.0" classname="com.jakub.ajamarks.services.showdataservices.ClassroomServiceImplTest"/>
  <testcase name="update_NullPointerExceptionTest on update_NullPointerExceptionTest(com.jakub.ajamarks.services.showdataservices.ClassroomServiceImplTest)" time="0.0" classname="com.jakub.ajamarks.services.showdataservices.ClassroomServiceImplTest"/>
  <testcase name="update_IllegalArgumentExceptionTest on update_IllegalArgumentExceptionTest(com.jakub.ajamarks.services.showdataservices.ClassroomServiceImplTest)" time="0.0" classname="com.jakub.ajamarks.services.showdataservices.ClassroomServiceImplTest"/>
  <testcase name="getClassroomByNumber_IllegalArgumentExceptionTest on getClassroomByNumber_IllegalArgumentExceptionTest(com.jakub.ajamarks.services.showdataservices.ClassroomServiceImplTest)" time="0.0" classname="com.jakub.ajamarks.services.showdataservices.ClassroomServiceImplTest"/>
  <testcase name="getClassroomByNameTest on getClassroomByNameTest(com.jakub.ajamarks.services.showdataservices.ClassroomServiceImplTest)" time="0.001" classname="com.jakub.ajamarks.services.showdataservices.ClassroomServiceImplTest"/>
  <testcase name="getClassroomStudentsByClassroomNameTest on getClassroomStudentsByClassroomNameTest(com.jakub.ajamarks.services.showdataservices.ClassroomServiceImplTest)" time="0.0" classname="com.jakub.ajamarks.services.showdataservices.ClassroomServiceImplTest"/>
  <testcase name="deleteTest on deleteTest(com.jakub.ajamarks.services.showdataservices.ClassroomServiceImplTest)" time="0.0" classname="com.jakub.ajamarks.services.showdataservices.ClassroomServiceImplTest"/>
  <testcase name="getClassroomByName_IllegalArgumentExceptionTest on getClassroomByName_IllegalArgumentExceptionTest(com.jakub.ajamarks.services.showdataservices.ClassroomServiceImplTest)" time="0.0" classname="com.jakub.ajamarks.services.showdataservices.ClassroomServiceImplTest"/>
  <testcase name="getAllByClassroomNameAscTest on getAllByClassroomNameAscTest(com.jakub.ajamarks.services.showdataservices.ClassroomServiceImplTest)" time="0.0" classname="com.jakub.ajamarks.services.showdataservices.ClassroomServiceImplTest"/>
  <testcase name="getClassroomStudentsByClassroomNumber_NoStudentsForGivenClassroomNumberTest on getClassroomStudentsByClassroomNumber_NoStudentsForGivenClassroomNumberTest(com.jakub.ajamarks.services.showdataservices.ClassroomServiceIntegrationTest)" time="0.096" classname="com.jakub.ajamarks.services.showdataservices.ClassroomServiceIntegrationTest"/>
  <testcase name="saveClassroomTest on saveClassroomTest(com.jakub.ajamarks.services.showdataservices.ClassroomServiceIntegrationTest)" time="0.091" classname="com.jakub.ajamarks.services.showdataservices.ClassroomServiceIntegrationTest"/>
  <testcase name="getClassroomByIdTest on getClassroomByIdTest(com.jakub.ajamarks.services.showdataservices.ClassroomServiceIntegrationTest)" time="0.059" classname="com.jakub.ajamarks.services.showdataservices.ClassroomServiceIntegrationTest"/>
  <testcase name="updateByClassroomNumberTest on updateByClassroomNumberTest(com.jakub.ajamarks.services.showdataservices.ClassroomServiceIntegrationTest)" time="0.058" classname="com.jakub.ajamarks.services.showdataservices.ClassroomServiceIntegrationTest"/>
  <testcase name="getClassroomStudentsByClassroomNumberTest on getClassroomStudentsByClassroomNumberTest(com.jakub.ajamarks.services.showdataservices.ClassroomServiceIntegrationTest)" time="0.067" classname="com.jakub.ajamarks.services.showdataservices.ClassroomServiceIntegrationTest"/>
  <testcase name="getClassroomByNumberTest on getClassroomByNumberTest(com.jakub.ajamarks.services.showdataservices.ClassroomServiceIntegrationTest)" time="0.067" classname="com.jakub.ajamarks.services.showdataservices.ClassroomServiceIntegrationTest"/>
  <testcase name="getClassroomByName on getClassroomByName(com.jakub.ajamarks.services.showdataservices.ClassroomServiceIntegrationTest)" time="0.208" classname="com.jakub.ajamarks.services.showdataservices.ClassroomServiceIntegrationTest"/>
  <testcase name="getClassroomStudentsByClassroomName_NoStudentsForGivenClassroomNameTest on getClassroomStudentsByClassroomName_NoStudentsForGivenClassroomNameTest(com.jakub.ajamarks.services.showdataservices.ClassroomServiceIntegrationTest)" time="0.083" classname="com.jakub.ajamarks.services.showdataservices.ClassroomServiceIntegrationTest"/>
  <testcase name="getClassroomStudentsByClassroomName_NoGivenClassroomNameTest on getClassroomStudentsByClassroomName_NoGivenClassroomNameTest(com.jakub.ajamarks.services.showdataservices.ClassroomServiceIntegrationTest)" time="0.065" classname="com.jakub.ajamarks.services.showdataservices.ClassroomServiceIntegrationTest"/>
  <testcase name="getClassroomStudentsByClassroomNameTest on getClassroomStudentsByClassroomNameTest(com.jakub.ajamarks.services.showdataservices.ClassroomServiceIntegrationTest)" time="0.058" classname="com.jakub.ajamarks.services.showdataservices.ClassroomServiceIntegrationTest"/>
  <testcase name="deleteTest on deleteTest(com.jakub.ajamarks.services.showdataservices.ClassroomServiceIntegrationTest)" time="0.058" classname="com.jakub.ajamarks.services.showdataservices.ClassroomServiceIntegrationTest"/>
  <testcase name="getClassroomStudentsByClassroomNumber_NoGivenClassroomNumberTest on getClassroomStudentsByClassroomNumber_NoGivenClassroomNumberTest(com.jakub.ajamarks.services.showdataservices.ClassroomServiceIntegrationTest)" time="0.058" classname="com.jakub.ajamarks.services.showdataservices.ClassroomServiceIntegrationTest"/>
  <testcase name="getAllByClassroomNameAscTest on getAllByClassroomNameAscTest(com.jakub.ajamarks.services.showdataservices.ClassroomServiceIntegrationTest)" time="0.075" classname="com.jakub.ajamarks.services.showdataservices.ClassroomServiceIntegrationTest"/>
  <testcase name="getStudentsWithoutGivenMark_NoStudentsForGicenMarkTest on getStudentsWithoutGivenMark_NoStudentsForGicenMarkTest(com.jakub.ajamarks.services.showdataservices.StudentServiceIntegrationTest)" time="0.476" classname="com.jakub.ajamarks.services.showdataservices.StudentServiceIntegrationTest"/>
  <testcase name="getClassroomStudentsByClassroomNameDescLastNameTest on getClassroomStudentsByClassroomNameDescLastNameTest(com.jakub.ajamarks.services.showdataservices.StudentServiceIntegrationTest)" time="0.167" classname="com.jakub.ajamarks.services.showdataservices.StudentServiceIntegrationTest"/>
  <testcase name="getStudentByIdTest on getStudentByIdTest(com.jakub.ajamarks.services.showdataservices.StudentServiceIntegrationTest)" time="0.151" classname="com.jakub.ajamarks.services.showdataservices.StudentServiceIntegrationTest"/>
  <testcase name="saveStudentTest on saveStudentTest(com.jakub.ajamarks.services.showdataservices.StudentServiceIntegrationTest)" time="0.237" classname="com.jakub.ajamarks.services.showdataservices.StudentServiceIntegrationTest"/>
  <testcase name="getStudentsWithGivenMark_NoStudensForGivenMarkTest on getStudentsWithGivenMark_NoStudensForGivenMarkTest(com.jakub.ajamarks.services.showdataservices.StudentServiceIntegrationTest)" time="0.142" classname="com.jakub.ajamarks.services.showdataservices.StudentServiceIntegrationTest"/>
  <testcase name="getAllTest on getAllTest(com.jakub.ajamarks.services.showdataservices.StudentServiceIntegrationTest)" time="0.191" classname="com.jakub.ajamarks.services.showdataservices.StudentServiceIntegrationTest"/>
  <testcase name="getClassroomStudentsByClassroomNumberDescLastNameTest on getClassroomStudentsByClassroomNumberDescLastNameTest(com.jakub.ajamarks.services.showdataservices.StudentServiceIntegrationTest)" time="0.235" classname="com.jakub.ajamarks.services.showdataservices.StudentServiceIntegrationTest"/>
  <testcase name="getStudentsWithoutGivenMarkTest on getStudentsWithoutGivenMarkTest(com.jakub.ajamarks.services.showdataservices.StudentServiceIntegrationTest)" time="0.158" classname="com.jakub.ajamarks.services.showdataservices.StudentServiceIntegrationTest"/>
  <testcase name="updateByUserNameTest on updateByUserNameTest(com.jakub.ajamarks.services.showdataservices.StudentServiceIntegrationTest)" time="0.15" classname="com.jakub.ajamarks.services.showdataservices.StudentServiceIntegrationTest"/>
  <testcase name="getStudentByUserNameTest on getStudentByUserNameTest(com.jakub.ajamarks.services.showdataservices.StudentServiceIntegrationTest)" time="0.141" classname="com.jakub.ajamarks.services.showdataservices.StudentServiceIntegrationTest"/>
  <testcase name="getStudentsWithGivenMarkTest on getStudentsWithGivenMarkTest(com.jakub.ajamarks.services.showdataservices.StudentServiceIntegrationTest)" time="0.159" classname="com.jakub.ajamarks.services.showdataservices.StudentServiceIntegrationTest"/>
  <testcase name="deleteTest on deleteTest(com.jakub.ajamarks.services.showdataservices.StudentServiceIntegrationTest)" time="0.134" classname="com.jakub.ajamarks.services.showdataservices.StudentServiceIntegrationTest"/>
</testsuite> <!-- Surefire test -->
